{"meta": {"format": 3, "version": "7.9.0", "timestamp": "2025-06-22T18:44:15.266830", "branch_coverage": false, "show_contexts": false}, "files": {"src/apps/api_router.py": {"executed_lines": [1, 41, 43, 44, 47, 50, 51, 52, 54], "summary": {"covered_lines": 8, "num_statements": 8, "percent_covered": 100.0, "percent_covered_display": "100", "missing_lines": 0, "excluded_lines": 0}, "missing_lines": [], "excluded_lines": [], "functions": {"": {"executed_lines": [1, 41, 43, 44, 47, 50, 51, 52, 54], "summary": {"covered_lines": 8, "num_statements": 8, "percent_covered": 100.0, "percent_covered_display": "100", "missing_lines": 0, "excluded_lines": 0}, "missing_lines": [], "excluded_lines": []}}, "classes": {"": {"executed_lines": [1, 41, 43, 44, 47, 50, 51, 52, 54], "summary": {"covered_lines": 8, "num_statements": 8, "percent_covered": 100.0, "percent_covered_display": "100", "missing_lines": 0, "excluded_lines": 0}, "missing_lines": [], "excluded_lines": []}}}, "src/apps/auth/api/auth_routes.py": {"executed_lines": [1, 19, 21, 22, 24, 25, 35, 47, 48, 49, 51, 54, 55, 170, 171, 277, 278, 328, 329, 396, 397, 453, 454, 514, 515, 577, 578, 629, 630, 663, 664, 705, 706], "summary": {"covered_lines": 26, "num_statements": 83, "percent_covered": 31.325301204819276, "percent_covered_display": "31", "missing_lines": 57, "excluded_lines": 175}, "missing_lines": [115, 117, 120, 124, 133, 141, 142, 147, 154, 164, 165, 166, 167, 232, 233, 235, 237, 239, 241, 250, 258, 259, 263, 273, 274, 316, 318, 319, 321, 323, 373, 375, 376, 379, 380, 381, 388, 390, 392, 393, 437, 441, 442, 445, 447, 448, 450, 660, 701, 702, 742, 744, 745, 747, 749, 750, 752], "excluded_lines": [1, 64, 179, 228, 385, 453, 454, 455, 456, 457, 458, 459, 460, 461, 462, 463, 464, 465, 466, 467, 468, 469, 470, 471, 472, 473, 474, 475, 476, 477, 478, 479, 480, 481, 482, 483, 484, 485, 486, 487, 488, 489, 490, 491, 492, 493, 494, 495, 496, 497, 498, 499, 500, 501, 502, 503, 504, 505, 506, 507, 508, 509, 510, 511, 514, 515, 516, 517, 518, 519, 520, 521, 522, 523, 524, 525, 526, 527, 528, 529, 530, 531, 532, 533, 534, 535, 536, 537, 538, 539, 540, 541, 542, 543, 544, 545, 546, 547, 548, 549, 550, 551, 552, 553, 554, 555, 556, 557, 558, 559, 560, 561, 562, 563, 564, 565, 566, 567, 568, 569, 570, 571, 572, 573, 574, 577, 578, 579, 580, 581, 582, 583, 584, 585, 586, 587, 588, 589, 590, 591, 592, 593, 594, 595, 596, 597, 598, 599, 600, 601, 602, 603, 604, 605, 606, 607, 608, 609, 610, 611, 612, 613, 614, 615, 616, 617, 618, 619, 620, 621, 622, 623, 624, 625, 626], "functions": {"register_user": {"executed_lines": [], "summary": {"covered_lines": 0, "num_statements": 13, "percent_covered": 0.0, "percent_covered_display": "0", "missing_lines": 13, "excluded_lines": 1}, "missing_lines": [115, 117, 120, 124, 133, 141, 142, 147, 154, 164, 165, 166, 167], "excluded_lines": [64]}, "login_user": {"executed_lines": [], "summary": {"covered_lines": 0, "num_statements": 12, "percent_covered": 0.0, "percent_covered_display": "0", "missing_lines": 12, "excluded_lines": 2}, "missing_lines": [232, 233, 235, 237, 239, 241, 250, 258, 259, 263, 273, 274], "excluded_lines": [179, 228]}, "refresh_access_token": {"executed_lines": [], "summary": {"covered_lines": 0, "num_statements": 5, "percent_covered": 0.0, "percent_covered_display": "0", "missing_lines": 5, "excluded_lines": 0}, "missing_lines": [316, 318, 319, 321, 323], "excluded_lines": []}, "logout_user": {"executed_lines": [], "summary": {"covered_lines": 0, "num_statements": 10, "percent_covered": 0.0, "percent_covered_display": "0", "missing_lines": 10, "excluded_lines": 1}, "missing_lines": [373, 375, 376, 379, 380, 381, 388, 390, 392, 393], "excluded_lines": [385]}, "verify_email": {"executed_lines": [], "summary": {"covered_lines": 0, "num_statements": 7, "percent_covered": 0.0, "percent_covered_display": "0", "missing_lines": 7, "excluded_lines": 0}, "missing_lines": [437, 441, 442, 445, 447, 448, 450], "excluded_lines": []}, "request_password_reset": {"executed_lines": [], "summary": {"covered_lines": 0, "num_statements": 0, "percent_covered": 100.0, "percent_covered_display": "100", "missing_lines": 0, "excluded_lines": 52}, "missing_lines": [], "excluded_lines": [460, 461, 462, 463, 464, 465, 466, 467, 468, 469, 470, 471, 472, 473, 474, 475, 476, 477, 478, 479, 480, 481, 482, 483, 484, 485, 486, 487, 488, 489, 490, 491, 492, 493, 494, 495, 496, 497, 498, 499, 500, 501, 502, 503, 504, 505, 506, 507, 508, 509, 510, 511]}, "confirm_password_reset": {"executed_lines": [], "summary": {"covered_lines": 0, "num_statements": 0, "percent_covered": 100.0, "percent_covered_display": "100", "missing_lines": 0, "excluded_lines": 54}, "missing_lines": [], "excluded_lines": [521, 522, 523, 524, 525, 526, 527, 528, 529, 530, 531, 532, 533, 534, 535, 536, 537, 538, 539, 540, 541, 542, 543, 544, 545, 546, 547, 548, 549, 550, 551, 552, 553, 554, 555, 556, 557, 558, 559, 560, 561, 562, 563, 564, 565, 566, 567, 568, 569, 570, 571, 572, 573, 574]}, "change_password": {"executed_lines": [], "summary": {"covered_lines": 0, "num_statements": 0, "percent_covered": 100.0, "percent_covered_display": "100", "missing_lines": 0, "excluded_lines": 44}, "missing_lines": [], "excluded_lines": [583, 584, 585, 586, 587, 588, 589, 590, 591, 592, 593, 594, 595, 596, 597, 598, 599, 600, 601, 602, 603, 604, 605, 606, 607, 608, 609, 610, 611, 612, 613, 614, 615, 616, 617, 618, 619, 620, 621, 622, 623, 624, 625, 626]}, "get_current_user_info": {"executed_lines": [], "summary": {"covered_lines": 0, "num_statements": 1, "percent_covered": 0.0, "percent_covered_display": "0", "missing_lines": 1, "excluded_lines": 0}, "missing_lines": [660], "excluded_lines": []}, "get_user_sessions": {"executed_lines": [], "summary": {"covered_lines": 0, "num_statements": 2, "percent_covered": 0.0, "percent_covered_display": "0", "missing_lines": 2, "excluded_lines": 0}, "missing_lines": [701, 702], "excluded_lines": []}, "revoke_session": {"executed_lines": [], "summary": {"covered_lines": 0, "num_statements": 7, "percent_covered": 0.0, "percent_covered_display": "0", "missing_lines": 7, "excluded_lines": 0}, "missing_lines": [742, 744, 745, 747, 749, 750, 752], "excluded_lines": []}, "": {"executed_lines": [1, 19, 21, 22, 24, 25, 35, 47, 48, 49, 51, 54, 55, 170, 171, 277, 278, 328, 329, 396, 397, 453, 454, 514, 515, 577, 578, 629, 630, 663, 664, 705, 706], "summary": {"covered_lines": 26, "num_statements": 26, "percent_covered": 100.0, "percent_covered_display": "100", "missing_lines": 0, "excluded_lines": 21}, "missing_lines": [], "excluded_lines": [1, 453, 454, 455, 456, 457, 458, 459, 514, 515, 516, 517, 518, 519, 520, 577, 578, 579, 580, 581, 582]}}, "classes": {"": {"executed_lines": [1, 19, 21, 22, 24, 25, 35, 47, 48, 49, 51, 54, 55, 170, 171, 277, 278, 328, 329, 396, 397, 453, 454, 514, 515, 577, 578, 629, 630, 663, 664, 705, 706], "summary": {"covered_lines": 26, "num_statements": 83, "percent_covered": 31.325301204819276, "percent_covered_display": "31", "missing_lines": 57, "excluded_lines": 175}, "missing_lines": [115, 117, 120, 124, 133, 141, 142, 147, 154, 164, 165, 166, 167, 232, 233, 235, 237, 239, 241, 250, 258, 259, 263, 273, 274, 316, 318, 319, 321, 323, 373, 375, 376, 379, 380, 381, 388, 390, 392, 393, 437, 441, 442, 445, 447, 448, 450, 660, 701, 702, 742, 744, 745, 747, 749, 750, 752], "excluded_lines": [1, 64, 179, 228, 385, 453, 454, 455, 456, 457, 458, 459, 460, 461, 462, 463, 464, 465, 466, 467, 468, 469, 470, 471, 472, 473, 474, 475, 476, 477, 478, 479, 480, 481, 482, 483, 484, 485, 486, 487, 488, 489, 490, 491, 492, 493, 494, 495, 496, 497, 498, 499, 500, 501, 502, 503, 504, 505, 506, 507, 508, 509, 510, 511, 514, 515, 516, 517, 518, 519, 520, 521, 522, 523, 524, 525, 526, 527, 528, 529, 530, 531, 532, 533, 534, 535, 536, 537, 538, 539, 540, 541, 542, 543, 544, 545, 546, 547, 548, 549, 550, 551, 552, 553, 554, 555, 556, 557, 558, 559, 560, 561, 562, 563, 564, 565, 566, 567, 568, 569, 570, 571, 572, 573, 574, 577, 578, 579, 580, 581, 582, 583, 584, 585, 586, 587, 588, 589, 590, 591, 592, 593, 594, 595, 596, 597, 598, 599, 600, 601, 602, 603, 604, 605, 606, 607, 608, 609, 610, 611, 612, 613, 614, 615, 616, 617, 618, 619, 620, 621, 622, 623, 624, 625, 626]}}}, "src/apps/auth/depends/base.py": {"executed_lines": [1, 5, 6, 8, 9, 10, 12, 21, 22, 23, 24, 25, 28, 33, 36, 37, 40, 47, 48, 50, 51, 52, 55, 63, 64, 65, 67, 68, 69, 72, 83, 84, 86, 87, 90, 93, 105, 112, 120, 123, 126, 140, 148, 156, 157, 159, 161, 164, 172, 193, 197, 198, 199, 200, 201, 204, 205, 206, 207, 210, 240, 265, 288, 289, 290, 291, 294, 295, 296, 297, 298, 301, 302, 303, 304], "summary": {"covered_lines": 73, "num_statements": 109, "percent_covered": 66.97247706422019, "percent_covered_display": "67", "missing_lines": 36, "excluded_lines": 3}, "missing_lines": [88, 106, 107, 109, 121, 134, 135, 137, 184, 186, 188, 189, 191, 223, 224, 226, 227, 228, 229, 231, 232, 233, 235, 236, 237, 248, 256, 257, 258, 260, 262, 277, 278, 281, 282, 284], "excluded_lines": [28, 29, 30], "functions": {"get_jwt_service": {"executed_lines": [47, 48, 50, 51, 52], "summary": {"covered_lines": 5, "num_statements": 5, "percent_covered": 100.0, "percent_covered_display": "100", "missing_lines": 0, "excluded_lines": 0}, "missing_lines": [], "excluded_lines": []}, "get_user_service": {"executed_lines": [63, 64, 65, 67, 68, 69], "summary": {"covered_lines": 6, "num_statements": 6, "percent_covered": 100.0, "percent_covered_display": "100", "missing_lines": 0, "excluded_lines": 0}, "missing_lines": [], "excluded_lines": []}, "get_current_token_payload": {"executed_lines": [83, 84, 86, 87, 90], "summary": {"covered_lines": 5, "num_statements": 6, "percent_covered": 83.33333333333333, "percent_covered_display": "83", "missing_lines": 1, "excluded_lines": 0}, "missing_lines": [88], "excluded_lines": []}, "get_current_user": {"executed_lines": [105], "summary": {"covered_lines": 1, "num_statements": 4, "percent_covered": 25.0, "percent_covered_display": "25", "missing_lines": 3, "excluded_lines": 0}, "missing_lines": [106, 107, 109], "excluded_lines": []}, "get_current_active_user": {"executed_lines": [120, 123], "summary": {"covered_lines": 2, "num_statements": 3, "percent_covered": 66.66666666666667, "percent_covered_display": "67", "missing_lines": 1, "excluded_lines": 0}, "missing_lines": [121], "excluded_lines": []}, "get_current_verified_user": {"executed_lines": [], "summary": {"covered_lines": 0, "num_statements": 3, "percent_covered": 0.0, "percent_covered_display": "0", "missing_lines": 3, "excluded_lines": 0}, "missing_lines": [134, 135, 137], "excluded_lines": []}, "require_role": {"executed_lines": [148, 161], "summary": {"covered_lines": 2, "num_statements": 2, "percent_covered": 100.0, "percent_covered_display": "100", "missing_lines": 0, "excluded_lines": 0}, "missing_lines": [], "excluded_lines": []}, "require_role.check_role": {"executed_lines": [156, 157, 159], "summary": {"covered_lines": 3, "num_statements": 3, "percent_covered": 100.0, "percent_covered_display": "100", "missing_lines": 0, "excluded_lines": 0}, "missing_lines": [], "excluded_lines": []}, "require_permissions": {"executed_lines": [172, 193], "summary": {"covered_lines": 2, "num_statements": 2, "percent_covered": 100.0, "percent_covered_display": "100", "missing_lines": 0, "excluded_lines": 0}, "missing_lines": [], "excluded_lines": []}, "require_permissions.check_permissions": {"executed_lines": [], "summary": {"covered_lines": 0, "num_statements": 5, "percent_covered": 0.0, "percent_covered_display": "0", "missing_lines": 5, "excluded_lines": 0}, "missing_lines": [184, 186, 188, 189, 191], "excluded_lines": []}, "get_optional_current_user": {"executed_lines": [], "summary": {"covered_lines": 0, "num_statements": 12, "percent_covered": 0.0, "percent_covered_display": "0", "missing_lines": 12, "excluded_lines": 0}, "missing_lines": [223, 224, 226, 227, 228, 229, 231, 232, 233, 235, 236, 237], "excluded_lines": []}, "get_user_from_id": {"executed_lines": [], "summary": {"covered_lines": 0, "num_statements": 2, "percent_covered": 0.0, "percent_covered_display": "0", "missing_lines": 2, "excluded_lines": 0}, "missing_lines": [248, 262], "excluded_lines": []}, "get_user_from_id.get_user": {"executed_lines": [], "summary": {"covered_lines": 0, "num_statements": 4, "percent_covered": 0.0, "percent_covered_display": "0", "missing_lines": 4, "excluded_lines": 0}, "missing_lines": [256, 257, 258, 260], "excluded_lines": []}, "verify_user_access": {"executed_lines": [], "summary": {"covered_lines": 0, "num_statements": 5, "percent_covered": 0.0, "percent_covered_display": "0", "missing_lines": 5, "excluded_lines": 0}, "missing_lines": [277, 278, 281, 282, 284], "excluded_lines": []}, "": {"executed_lines": [1, 5, 6, 8, 9, 10, 12, 21, 22, 23, 24, 25, 28, 33, 36, 37, 40, 55, 72, 93, 112, 126, 140, 164, 197, 198, 199, 200, 201, 204, 205, 206, 207, 210, 240, 265, 288, 289, 290, 291, 294, 295, 296, 297, 298, 301, 302, 303, 304], "summary": {"covered_lines": 47, "num_statements": 47, "percent_covered": 100.0, "percent_covered_display": "100", "missing_lines": 0, "excluded_lines": 3}, "missing_lines": [], "excluded_lines": [28, 29, 30]}}, "classes": {"": {"executed_lines": [1, 5, 6, 8, 9, 10, 12, 21, 22, 23, 24, 25, 28, 33, 36, 37, 40, 47, 48, 50, 51, 52, 55, 63, 64, 65, 67, 68, 69, 72, 83, 84, 86, 87, 90, 93, 105, 112, 120, 123, 126, 140, 148, 156, 157, 159, 161, 164, 172, 193, 197, 198, 199, 200, 201, 204, 205, 206, 207, 210, 240, 265, 288, 289, 290, 291, 294, 295, 296, 297, 298, 301, 302, 303, 304], "summary": {"covered_lines": 73, "num_statements": 109, "percent_covered": 66.97247706422019, "percent_covered_display": "67", "missing_lines": 36, "excluded_lines": 3}, "missing_lines": [88, 106, 107, 109, 121, 134, 135, 137, 184, 186, 188, 189, 191, 223, 224, 226, 227, 228, 229, 231, 232, 233, 235, 236, 237, 248, 256, 257, 258, 260, 262, 277, 278, 281, 282, 284], "excluded_lines": [28, 29, 30]}}}, "src/apps/auth/depends/examples.py": {"executed_lines": [], "summary": {"covered_lines": 0, "num_statements": 16, "percent_covered": 0.0, "percent_covered_display": "0", "missing_lines": 16, "excluded_lines": 0}, "missing_lines": [5, 7, 9, 10, 11, 13, 16, 17, 19, 22, 23, 25, 28, 29, 31, 32], "excluded_lines": [], "functions": {"get_current_user_info": {"executed_lines": [], "summary": {"covered_lines": 0, "num_statements": 1, "percent_covered": 0.0, "percent_covered_display": "0", "missing_lines": 1, "excluded_lines": 0}, "missing_lines": [19], "excluded_lines": []}, "get_user_by_id": {"executed_lines": [], "summary": {"covered_lines": 0, "num_statements": 1, "percent_covered": 0.0, "percent_covered_display": "0", "missing_lines": 1, "excluded_lines": 0}, "missing_lines": [25], "excluded_lines": []}, "delete_user": {"executed_lines": [], "summary": {"covered_lines": 0, "num_statements": 2, "percent_covered": 0.0, "percent_covered_display": "0", "missing_lines": 2, "excluded_lines": 0}, "missing_lines": [31, 32], "excluded_lines": []}, "": {"executed_lines": [], "summary": {"covered_lines": 0, "num_statements": 12, "percent_covered": 0.0, "percent_covered_display": "0", "missing_lines": 12, "excluded_lines": 0}, "missing_lines": [5, 7, 9, 10, 11, 13, 16, 17, 22, 23, 28, 29], "excluded_lines": []}}, "classes": {"": {"executed_lines": [], "summary": {"covered_lines": 0, "num_statements": 16, "percent_covered": 0.0, "percent_covered_display": "0", "missing_lines": 16, "excluded_lines": 0}, "missing_lines": [5, 7, 9, 10, 11, 13, 16, 17, 19, 22, 23, 25, 28, 29, 31, 32], "excluded_lines": []}}}, "src/apps/auth/depends/repositories.py": {"executed_lines": [1, 5, 7, 8, 10, 11, 14, 17, 27, 37, 48, 49, 50], "summary": {"covered_lines": 12, "num_statements": 15, "percent_covered": 80.0, "percent_covered_display": "80", "missing_lines": 3, "excluded_lines": 0}, "missing_lines": [24, 34, 44], "excluded_lines": [], "functions": {"get_refresh_token_repo": {"executed_lines": [], "summary": {"covered_lines": 0, "num_statements": 1, "percent_covered": 0.0, "percent_covered_display": "0", "missing_lines": 1, "excluded_lines": 0}, "missing_lines": [24], "excluded_lines": []}, "get_user_session_repo": {"executed_lines": [], "summary": {"covered_lines": 0, "num_statements": 1, "percent_covered": 0.0, "percent_covered_display": "0", "missing_lines": 1, "excluded_lines": 0}, "missing_lines": [34], "excluded_lines": []}, "get_orbital_token_repo": {"executed_lines": [], "summary": {"covered_lines": 0, "num_statements": 1, "percent_covered": 0.0, "percent_covered_display": "0", "missing_lines": 1, "excluded_lines": 0}, "missing_lines": [44], "excluded_lines": []}, "": {"executed_lines": [1, 5, 7, 8, 10, 11, 14, 17, 27, 37, 48, 49, 50], "summary": {"covered_lines": 12, "num_statements": 12, "percent_covered": 100.0, "percent_covered_display": "100", "missing_lines": 0, "excluded_lines": 0}, "missing_lines": [], "excluded_lines": []}}, "classes": {"": {"executed_lines": [1, 5, 7, 8, 10, 11, 14, 17, 27, 37, 48, 49, 50], "summary": {"covered_lines": 12, "num_statements": 15, "percent_covered": 80.0, "percent_covered_display": "80", "missing_lines": 3, "excluded_lines": 0}, "missing_lines": [24, 34, 44], "excluded_lines": []}}}, "src/apps/auth/depends/services.py": {"executed_lines": [1, 5, 7, 9, 10, 11, 12, 13, 16, 30, 44, 59, 60, 61], "summary": {"covered_lines": 13, "num_statements": 16, "percent_covered": 81.25, "percent_covered_display": "81", "missing_lines": 3, "excluded_lines": 0}, "missing_lines": [27, 41, 55], "excluded_lines": [], "functions": {"get_jwt_service": {"executed_lines": [], "summary": {"covered_lines": 0, "num_statements": 1, "percent_covered": 0.0, "percent_covered_display": "0", "missing_lines": 1, "excluded_lines": 0}, "missing_lines": [27], "excluded_lines": []}, "get_orbital_service": {"executed_lines": [], "summary": {"covered_lines": 0, "num_statements": 1, "percent_covered": 0.0, "percent_covered_display": "0", "missing_lines": 1, "excluded_lines": 0}, "missing_lines": [41], "excluded_lines": []}, "get_session_service": {"executed_lines": [], "summary": {"covered_lines": 0, "num_statements": 1, "percent_covered": 0.0, "percent_covered_display": "0", "missing_lines": 1, "excluded_lines": 0}, "missing_lines": [55], "excluded_lines": []}, "": {"executed_lines": [1, 5, 7, 9, 10, 11, 12, 13, 16, 30, 44, 59, 60, 61], "summary": {"covered_lines": 13, "num_statements": 13, "percent_covered": 100.0, "percent_covered_display": "100", "missing_lines": 0, "excluded_lines": 0}, "missing_lines": [], "excluded_lines": []}}, "classes": {"": {"executed_lines": [1, 5, 7, 9, 10, 11, 12, 13, 16, 30, 44, 59, 60, 61], "summary": {"covered_lines": 13, "num_statements": 16, "percent_covered": 81.25, "percent_covered_display": "81", "missing_lines": 3, "excluded_lines": 0}, "missing_lines": [27, 41, 55], "excluded_lines": []}}}, "src/apps/auth/depends/session.py": {"executed_lines": [1, 5, 7, 8, 10, 16, 17, 18, 19, 22, 25, 35, 47, 74, 88, 108, 120, 144, 166, 167, 168, 169, 170], "summary": {"covered_lines": 22, "num_statements": 52, "percent_covered": 42.30769230769231, "percent_covered_display": "42", "missing_lines": 30, "excluded_lines": 0}, "missing_lines": [32, 44, 60, 61, 64, 65, 67, 71, 82, 83, 85, 96, 97, 99, 102, 103, 105, 117, 134, 135, 137, 138, 139, 141, 153, 154, 156, 159, 160, 162], "excluded_lines": [], "functions": {"get_session_service": {"executed_lines": [], "summary": {"covered_lines": 0, "num_statements": 1, "percent_covered": 0.0, "percent_covered_display": "0", "missing_lines": 1, "excluded_lines": 0}, "missing_lines": [32], "excluded_lines": []}, "get_session_id_from_cookie": {"executed_lines": [], "summary": {"covered_lines": 0, "num_statements": 1, "percent_covered": 0.0, "percent_covered_display": "0", "missing_lines": 1, "excluded_lines": 0}, "missing_lines": [44], "excluded_lines": []}, "get_current_session": {"executed_lines": [], "summary": {"covered_lines": 0, "num_statements": 6, "percent_covered": 0.0, "percent_covered_display": "0", "missing_lines": 6, "excluded_lines": 0}, "missing_lines": [60, 61, 64, 65, 67, 71], "excluded_lines": []}, "get_required_session": {"executed_lines": [], "summary": {"covered_lines": 0, "num_statements": 3, "percent_covered": 0.0, "percent_covered_display": "0", "missing_lines": 3, "excluded_lines": 0}, "missing_lines": [82, 83, 85], "excluded_lines": []}, "get_user_from_session": {"executed_lines": [], "summary": {"covered_lines": 0, "num_statements": 6, "percent_covered": 0.0, "percent_covered_display": "0", "missing_lines": 6, "excluded_lines": 0}, "missing_lines": [96, 97, 99, 102, 103, 105], "excluded_lines": []}, "get_csrf_token_from_header": {"executed_lines": [], "summary": {"covered_lines": 0, "num_statements": 1, "percent_covered": 0.0, "percent_covered_display": "0", "missing_lines": 1, "excluded_lines": 0}, "missing_lines": [117], "excluded_lines": []}, "verify_csrf_token": {"executed_lines": [], "summary": {"covered_lines": 0, "num_statements": 6, "percent_covered": 0.0, "percent_covered_display": "0", "missing_lines": 6, "excluded_lines": 0}, "missing_lines": [134, 135, 137, 138, 139, 141], "excluded_lines": []}, "get_optional_user_from_session": {"executed_lines": [], "summary": {"covered_lines": 0, "num_statements": 6, "percent_covered": 0.0, "percent_covered_display": "0", "missing_lines": 6, "excluded_lines": 0}, "missing_lines": [153, 154, 156, 159, 160, 162], "excluded_lines": []}, "": {"executed_lines": [1, 5, 7, 8, 10, 16, 17, 18, 19, 22, 25, 35, 47, 74, 88, 108, 120, 144, 166, 167, 168, 169, 170], "summary": {"covered_lines": 22, "num_statements": 22, "percent_covered": 100.0, "percent_covered_display": "100", "missing_lines": 0, "excluded_lines": 0}, "missing_lines": [], "excluded_lines": []}}, "classes": {"": {"executed_lines": [1, 5, 7, 8, 10, 16, 17, 18, 19, 22, 25, 35, 47, 74, 88, 108, 120, 144, 166, 167, 168, 169, 170], "summary": {"covered_lines": 22, "num_statements": 52, "percent_covered": 42.30769230769231, "percent_covered_display": "42", "missing_lines": 30, "excluded_lines": 0}, "missing_lines": [32, 44, 60, 61, 64, 65, 67, 71, 82, 83, 85, 96, 97, 99, 102, 103, 105, 117, 134, 135, 137, 138, 139, 141, 153, 154, 156, 159, 160, 162], "excluded_lines": []}}}, "src/apps/auth/exceptions.py": {"executed_lines": [1, 11, 13, 20, 21, 36, 44, 45, 47, 50, 51, 53, 56, 57, 59, 62, 63, 65, 73, 74, 76, 80, 81, 83, 87, 88, 90, 94, 95, 97, 101, 102, 104, 108, 109, 111, 115, 116, 118, 122, 123, 125, 129, 130, 132, 141, 142, 143, 144, 145, 146, 147, 148, 149, 157, 158, 160, 164, 165, 167, 171, 172, 174, 178, 179, 181, 185, 186, 188, 192, 193, 195, 199, 200, 202, 206, 207, 209, 213, 214, 216, 220, 221, 223, 227, 228, 230, 234, 235, 237, 246, 247, 249, 253, 254, 256, 260, 261, 263, 267, 268, 270, 274, 275, 277, 281, 282, 284, 288, 289, 291, 295, 296, 298, 302, 303, 305, 309, 310, 312, 316, 317, 319, 323, 324, 326, 335, 336, 338, 339, 342, 343, 345, 349, 350, 352, 356, 357, 359, 363, 364, 366, 370, 371, 373, 377, 378, 380, 381, 389, 390, 392, 397, 398, 400, 404, 405, 407, 411, 412, 414, 418, 419, 421], "summary": {"covered_lines": 107, "num_statements": 149, "percent_covered": 71.81208053691275, "percent_covered_display": "72", "missing_lines": 42, "excluded_lines": 8}, "missing_lines": [77, 84, 91, 98, 105, 112, 119, 126, 133, 161, 168, 175, 182, 189, 196, 203, 210, 217, 224, 231, 238, 250, 257, 264, 271, 278, 285, 292, 299, 306, 313, 320, 327, 346, 353, 360, 367, 374, 393, 394, 401, 422], "excluded_lines": [36, 47, 53, 59, 65, 407, 408, 415], "functions": {"AuthRegistrationAPIException.__init__": {"executed_lines": [], "summary": {"covered_lines": 0, "num_statements": 1, "percent_covered": 0.0, "percent_covered_display": "0", "missing_lines": 1, "excluded_lines": 0}, "missing_lines": [77], "excluded_lines": []}, "AuthLoginAPIException.__init__": {"executed_lines": [], "summary": {"covered_lines": 0, "num_statements": 1, "percent_covered": 0.0, "percent_covered_display": "0", "missing_lines": 1, "excluded_lines": 0}, "missing_lines": [84], "excluded_lines": []}, "AuthInvalidCredentialsAPIException.__init__": {"executed_lines": [], "summary": {"covered_lines": 0, "num_statements": 1, "percent_covered": 0.0, "percent_covered_display": "0", "missing_lines": 1, "excluded_lines": 0}, "missing_lines": [91], "excluded_lines": []}, "AuthTokenExpiredAPIException.__init__": {"executed_lines": [], "summary": {"covered_lines": 0, "num_statements": 1, "percent_covered": 0.0, "percent_covered_display": "0", "missing_lines": 1, "excluded_lines": 0}, "missing_lines": [98], "excluded_lines": []}, "AuthTokenInvalidAPIException.__init__": {"executed_lines": [], "summary": {"covered_lines": 0, "num_statements": 1, "percent_covered": 0.0, "percent_covered_display": "0", "missing_lines": 1, "excluded_lines": 0}, "missing_lines": [105], "excluded_lines": []}, "AuthEmailVerificationAPIException.__init__": {"executed_lines": [], "summary": {"covered_lines": 0, "num_statements": 1, "percent_covered": 0.0, "percent_covered_display": "0", "missing_lines": 1, "excluded_lines": 0}, "missing_lines": [112], "excluded_lines": []}, "AuthPasswordResetAPIException.__init__": {"executed_lines": [], "summary": {"covered_lines": 0, "num_statements": 1, "percent_covered": 0.0, "percent_covered_display": "0", "missing_lines": 1, "excluded_lines": 0}, "missing_lines": [119], "excluded_lines": []}, "AuthSessionNotFoundAPIException.__init__": {"executed_lines": [], "summary": {"covered_lines": 0, "num_statements": 1, "percent_covered": 0.0, "percent_covered_display": "0", "missing_lines": 1, "excluded_lines": 0}, "missing_lines": [126], "excluded_lines": []}, "AuthSessionRevokeAPIException.__init__": {"executed_lines": [], "summary": {"covered_lines": 0, "num_statements": 1, "percent_covered": 0.0, "percent_covered_display": "0", "missing_lines": 1, "excluded_lines": 0}, "missing_lines": [133], "excluded_lines": []}, "JWTServiceError.__init__": {"executed_lines": [], "summary": {"covered_lines": 0, "num_statements": 1, "percent_covered": 0.0, "percent_covered_display": "0", "missing_lines": 1, "excluded_lines": 0}, "missing_lines": [161], "excluded_lines": []}, "JWTTokenGenerationError.__init__": {"executed_lines": [], "summary": {"covered_lines": 0, "num_statements": 1, "percent_covered": 0.0, "percent_covered_display": "0", "missing_lines": 1, "excluded_lines": 0}, "missing_lines": [168], "excluded_lines": []}, "JWTTokenValidationError.__init__": {"executed_lines": [], "summary": {"covered_lines": 0, "num_statements": 1, "percent_covered": 0.0, "percent_covered_display": "0", "missing_lines": 1, "excluded_lines": 0}, "missing_lines": [175], "excluded_lines": []}, "JWTTokenExpiredError.__init__": {"executed_lines": [], "summary": {"covered_lines": 0, "num_statements": 1, "percent_covered": 0.0, "percent_covered_display": "0", "missing_lines": 1, "excluded_lines": 0}, "missing_lines": [182], "excluded_lines": []}, "SessionServiceError.__init__": {"executed_lines": [], "summary": {"covered_lines": 0, "num_statements": 1, "percent_covered": 0.0, "percent_covered_display": "0", "missing_lines": 1, "excluded_lines": 0}, "missing_lines": [189], "excluded_lines": []}, "SessionCreationError.__init__": {"executed_lines": [], "summary": {"covered_lines": 0, "num_statements": 1, "percent_covered": 0.0, "percent_covered_display": "0", "missing_lines": 1, "excluded_lines": 0}, "missing_lines": [196], "excluded_lines": []}, "SessionValidationError.__init__": {"executed_lines": [], "summary": {"covered_lines": 0, "num_statements": 1, "percent_covered": 0.0, "percent_covered_display": "0", "missing_lines": 1, "excluded_lines": 0}, "missing_lines": [203], "excluded_lines": []}, "SessionExpiredError.__init__": {"executed_lines": [], "summary": {"covered_lines": 0, "num_statements": 1, "percent_covered": 0.0, "percent_covered_display": "0", "missing_lines": 1, "excluded_lines": 0}, "missing_lines": [210], "excluded_lines": []}, "SessionNotFoundError.__init__": {"executed_lines": [], "summary": {"covered_lines": 0, "num_statements": 1, "percent_covered": 0.0, "percent_covered_display": "0", "missing_lines": 1, "excluded_lines": 0}, "missing_lines": [217], "excluded_lines": []}, "OrbitalServiceError.__init__": {"executed_lines": [], "summary": {"covered_lines": 0, "num_statements": 1, "percent_covered": 0.0, "percent_covered_display": "0", "missing_lines": 1, "excluded_lines": 0}, "missing_lines": [224], "excluded_lines": []}, "OrbitalTokenCreationError.__init__": {"executed_lines": [], "summary": {"covered_lines": 0, "num_statements": 1, "percent_covered": 0.0, "percent_covered_display": "0", "missing_lines": 1, "excluded_lines": 0}, "missing_lines": [231], "excluded_lines": []}, "OrbitalTokenValidationError.__init__": {"executed_lines": [], "summary": {"covered_lines": 0, "num_statements": 1, "percent_covered": 0.0, "percent_covered_display": "0", "missing_lines": 1, "excluded_lines": 0}, "missing_lines": [238], "excluded_lines": []}, "RefreshTokenRepoError.__init__": {"executed_lines": [], "summary": {"covered_lines": 0, "num_statements": 1, "percent_covered": 0.0, "percent_covered_display": "0", "missing_lines": 1, "excluded_lines": 0}, "missing_lines": [250], "excluded_lines": []}, "RefreshTokenCreateError.__init__": {"executed_lines": [], "summary": {"covered_lines": 0, "num_statements": 1, "percent_covered": 0.0, "percent_covered_display": "0", "missing_lines": 1, "excluded_lines": 0}, "missing_lines": [257], "excluded_lines": []}, "RefreshTokenUpdateError.__init__": {"executed_lines": [], "summary": {"covered_lines": 0, "num_statements": 1, "percent_covered": 0.0, "percent_covered_display": "0", "missing_lines": 1, "excluded_lines": 0}, "missing_lines": [264], "excluded_lines": []}, "RefreshTokenDeleteError.__init__": {"executed_lines": [], "summary": {"covered_lines": 0, "num_statements": 1, "percent_covered": 0.0, "percent_covered_display": "0", "missing_lines": 1, "excluded_lines": 0}, "missing_lines": [271], "excluded_lines": []}, "UserSessionRepoError.__init__": {"executed_lines": [], "summary": {"covered_lines": 0, "num_statements": 1, "percent_covered": 0.0, "percent_covered_display": "0", "missing_lines": 1, "excluded_lines": 0}, "missing_lines": [278], "excluded_lines": []}, "UserSessionCreateError.__init__": {"executed_lines": [], "summary": {"covered_lines": 0, "num_statements": 1, "percent_covered": 0.0, "percent_covered_display": "0", "missing_lines": 1, "excluded_lines": 0}, "missing_lines": [285], "excluded_lines": []}, "UserSessionUpdateError.__init__": {"executed_lines": [], "summary": {"covered_lines": 0, "num_statements": 1, "percent_covered": 0.0, "percent_covered_display": "0", "missing_lines": 1, "excluded_lines": 0}, "missing_lines": [292], "excluded_lines": []}, "UserSessionDeleteError.__init__": {"executed_lines": [], "summary": {"covered_lines": 0, "num_statements": 1, "percent_covered": 0.0, "percent_covered_display": "0", "missing_lines": 1, "excluded_lines": 0}, "missing_lines": [299], "excluded_lines": []}, "OrbitalTokenRepoError.__init__": {"executed_lines": [], "summary": {"covered_lines": 0, "num_statements": 1, "percent_covered": 0.0, "percent_covered_display": "0", "missing_lines": 1, "excluded_lines": 0}, "missing_lines": [306], "excluded_lines": []}, "OrbitalTokenCreateError.__init__": {"executed_lines": [], "summary": {"covered_lines": 0, "num_statements": 1, "percent_covered": 0.0, "percent_covered_display": "0", "missing_lines": 1, "excluded_lines": 0}, "missing_lines": [313], "excluded_lines": []}, "OrbitalTokenUpdateError.__init__": {"executed_lines": [], "summary": {"covered_lines": 0, "num_statements": 1, "percent_covered": 0.0, "percent_covered_display": "0", "missing_lines": 1, "excluded_lines": 0}, "missing_lines": [320], "excluded_lines": []}, "OrbitalTokenDeleteError.__init__": {"executed_lines": [], "summary": {"covered_lines": 0, "num_statements": 1, "percent_covered": 0.0, "percent_covered_display": "0", "missing_lines": 1, "excluded_lines": 0}, "missing_lines": [327], "excluded_lines": []}, "AuthTokenValidationError.__init__": {"executed_lines": [339], "summary": {"covered_lines": 1, "num_statements": 1, "percent_covered": 100.0, "percent_covered_display": "100", "missing_lines": 0, "excluded_lines": 0}, "missing_lines": [], "excluded_lines": []}, "AuthSessionValidationError.__init__": {"executed_lines": [], "summary": {"covered_lines": 0, "num_statements": 1, "percent_covered": 0.0, "percent_covered_display": "0", "missing_lines": 1, "excluded_lines": 0}, "missing_lines": [346], "excluded_lines": []}, "AuthCSRFValidationError.__init__": {"executed_lines": [], "summary": {"covered_lines": 0, "num_statements": 1, "percent_covered": 0.0, "percent_covered_display": "0", "missing_lines": 1, "excluded_lines": 0}, "missing_lines": [353], "excluded_lines": []}, "AuthUserNotFoundError.__init__": {"executed_lines": [], "summary": {"covered_lines": 0, "num_statements": 1, "percent_covered": 0.0, "percent_covered_display": "0", "missing_lines": 1, "excluded_lines": 0}, "missing_lines": [360], "excluded_lines": []}, "AuthUserInactiveError.__init__": {"executed_lines": [], "summary": {"covered_lines": 0, "num_statements": 1, "percent_covered": 0.0, "percent_covered_display": "0", "missing_lines": 1, "excluded_lines": 0}, "missing_lines": [367], "excluded_lines": []}, "AuthUserNotVerifiedError.__init__": {"executed_lines": [], "summary": {"covered_lines": 0, "num_statements": 1, "percent_covered": 0.0, "percent_covered_display": "0", "missing_lines": 1, "excluded_lines": 0}, "missing_lines": [374], "excluded_lines": []}, "AuthInsufficientPermissionsError.__init__": {"executed_lines": [381], "summary": {"covered_lines": 1, "num_statements": 1, "percent_covered": 100.0, "percent_covered_display": "100", "missing_lines": 0, "excluded_lines": 0}, "missing_lines": [], "excluded_lines": []}, "AuthSchemaValidationError.__init__": {"executed_lines": [], "summary": {"covered_lines": 0, "num_statements": 2, "percent_covered": 0.0, "percent_covered_display": "0", "missing_lines": 2, "excluded_lines": 0}, "missing_lines": [393, 394], "excluded_lines": []}, "AuthUsernameValidationError.__init__": {"executed_lines": [], "summary": {"covered_lines": 0, "num_statements": 1, "percent_covered": 0.0, "percent_covered_display": "0", "missing_lines": 1, "excluded_lines": 0}, "missing_lines": [401], "excluded_lines": []}, "AuthPasswordValidationError.__init__": {"executed_lines": [], "summary": {"covered_lines": 0, "num_statements": 0, "percent_covered": 100.0, "percent_covered_display": "100", "missing_lines": 0, "excluded_lines": 1}, "missing_lines": [], "excluded_lines": [408]}, "AuthPasswordMismatchError.__init__": {"executed_lines": [], "summary": {"covered_lines": 0, "num_statements": 0, "percent_covered": 100.0, "percent_covered_display": "100", "missing_lines": 0, "excluded_lines": 1}, "missing_lines": [], "excluded_lines": [415]}, "AuthTermsAcceptanceError.__init__": {"executed_lines": [], "summary": {"covered_lines": 0, "num_statements": 1, "percent_covered": 0.0, "percent_covered_display": "0", "missing_lines": 1, "excluded_lines": 0}, "missing_lines": [422], "excluded_lines": []}, "": {"executed_lines": [1, 11, 13, 20, 21, 36, 44, 45, 47, 50, 51, 53, 56, 57, 59, 62, 63, 65, 73, 74, 76, 80, 81, 83, 87, 88, 90, 94, 95, 97, 101, 102, 104, 108, 109, 111, 115, 116, 118, 122, 123, 125, 129, 130, 132, 141, 142, 143, 144, 145, 146, 147, 148, 149, 157, 158, 160, 164, 165, 167, 171, 172, 174, 178, 179, 181, 185, 186, 188, 192, 193, 195, 199, 200, 202, 206, 207, 209, 213, 214, 216, 220, 221, 223, 227, 228, 230, 234, 235, 237, 246, 247, 249, 253, 254, 256, 260, 261, 263, 267, 268, 270, 274, 275, 277, 281, 282, 284, 288, 289, 291, 295, 296, 298, 302, 303, 305, 309, 310, 312, 316, 317, 319, 323, 324, 326, 335, 336, 338, 342, 343, 345, 349, 350, 352, 356, 357, 359, 363, 364, 366, 370, 371, 373, 377, 378, 380, 389, 390, 392, 397, 398, 400, 404, 405, 407, 411, 412, 414, 418, 419, 421], "summary": {"covered_lines": 105, "num_statements": 105, "percent_covered": 100.0, "percent_covered_display": "100", "missing_lines": 0, "excluded_lines": 6}, "missing_lines": [], "excluded_lines": [36, 47, 53, 59, 65, 407]}}, "classes": {"AuthAppException": {"executed_lines": [], "summary": {"covered_lines": 0, "num_statements": 0, "percent_covered": 100.0, "percent_covered_display": "100", "missing_lines": 0, "excluded_lines": 0}, "missing_lines": [], "excluded_lines": []}, "AuthAPIException": {"executed_lines": [], "summary": {"covered_lines": 0, "num_statements": 0, "percent_covered": 100.0, "percent_covered_display": "100", "missing_lines": 0, "excluded_lines": 0}, "missing_lines": [], "excluded_lines": []}, "AuthServiceException": {"executed_lines": [], "summary": {"covered_lines": 0, "num_statements": 0, "percent_covered": 100.0, "percent_covered_display": "100", "missing_lines": 0, "excluded_lines": 0}, "missing_lines": [], "excluded_lines": []}, "AuthRepoException": {"executed_lines": [], "summary": {"covered_lines": 0, "num_statements": 0, "percent_covered": 100.0, "percent_covered_display": "100", "missing_lines": 0, "excluded_lines": 0}, "missing_lines": [], "excluded_lines": []}, "AuthDependsException": {"executed_lines": [], "summary": {"covered_lines": 0, "num_statements": 0, "percent_covered": 100.0, "percent_covered_display": "100", "missing_lines": 0, "excluded_lines": 0}, "missing_lines": [], "excluded_lines": []}, "AuthRegistrationAPIException": {"executed_lines": [], "summary": {"covered_lines": 0, "num_statements": 1, "percent_covered": 0.0, "percent_covered_display": "0", "missing_lines": 1, "excluded_lines": 0}, "missing_lines": [77], "excluded_lines": []}, "AuthLoginAPIException": {"executed_lines": [], "summary": {"covered_lines": 0, "num_statements": 1, "percent_covered": 0.0, "percent_covered_display": "0", "missing_lines": 1, "excluded_lines": 0}, "missing_lines": [84], "excluded_lines": []}, "AuthInvalidCredentialsAPIException": {"executed_lines": [], "summary": {"covered_lines": 0, "num_statements": 1, "percent_covered": 0.0, "percent_covered_display": "0", "missing_lines": 1, "excluded_lines": 0}, "missing_lines": [91], "excluded_lines": []}, "AuthTokenExpiredAPIException": {"executed_lines": [], "summary": {"covered_lines": 0, "num_statements": 1, "percent_covered": 0.0, "percent_covered_display": "0", "missing_lines": 1, "excluded_lines": 0}, "missing_lines": [98], "excluded_lines": []}, "AuthTokenInvalidAPIException": {"executed_lines": [], "summary": {"covered_lines": 0, "num_statements": 1, "percent_covered": 0.0, "percent_covered_display": "0", "missing_lines": 1, "excluded_lines": 0}, "missing_lines": [105], "excluded_lines": []}, "AuthEmailVerificationAPIException": {"executed_lines": [], "summary": {"covered_lines": 0, "num_statements": 1, "percent_covered": 0.0, "percent_covered_display": "0", "missing_lines": 1, "excluded_lines": 0}, "missing_lines": [112], "excluded_lines": []}, "AuthPasswordResetAPIException": {"executed_lines": [], "summary": {"covered_lines": 0, "num_statements": 1, "percent_covered": 0.0, "percent_covered_display": "0", "missing_lines": 1, "excluded_lines": 0}, "missing_lines": [119], "excluded_lines": []}, "AuthSessionNotFoundAPIException": {"executed_lines": [], "summary": {"covered_lines": 0, "num_statements": 1, "percent_covered": 0.0, "percent_covered_display": "0", "missing_lines": 1, "excluded_lines": 0}, "missing_lines": [126], "excluded_lines": []}, "AuthSessionRevokeAPIException": {"executed_lines": [], "summary": {"covered_lines": 0, "num_statements": 1, "percent_covered": 0.0, "percent_covered_display": "0", "missing_lines": 1, "excluded_lines": 0}, "missing_lines": [133], "excluded_lines": []}, "JWTServiceError": {"executed_lines": [], "summary": {"covered_lines": 0, "num_statements": 1, "percent_covered": 0.0, "percent_covered_display": "0", "missing_lines": 1, "excluded_lines": 0}, "missing_lines": [161], "excluded_lines": []}, "JWTTokenGenerationError": {"executed_lines": [], "summary": {"covered_lines": 0, "num_statements": 1, "percent_covered": 0.0, "percent_covered_display": "0", "missing_lines": 1, "excluded_lines": 0}, "missing_lines": [168], "excluded_lines": []}, "JWTTokenValidationError": {"executed_lines": [], "summary": {"covered_lines": 0, "num_statements": 1, "percent_covered": 0.0, "percent_covered_display": "0", "missing_lines": 1, "excluded_lines": 0}, "missing_lines": [175], "excluded_lines": []}, "JWTTokenExpiredError": {"executed_lines": [], "summary": {"covered_lines": 0, "num_statements": 1, "percent_covered": 0.0, "percent_covered_display": "0", "missing_lines": 1, "excluded_lines": 0}, "missing_lines": [182], "excluded_lines": []}, "SessionServiceError": {"executed_lines": [], "summary": {"covered_lines": 0, "num_statements": 1, "percent_covered": 0.0, "percent_covered_display": "0", "missing_lines": 1, "excluded_lines": 0}, "missing_lines": [189], "excluded_lines": []}, "SessionCreationError": {"executed_lines": [], "summary": {"covered_lines": 0, "num_statements": 1, "percent_covered": 0.0, "percent_covered_display": "0", "missing_lines": 1, "excluded_lines": 0}, "missing_lines": [196], "excluded_lines": []}, "SessionValidationError": {"executed_lines": [], "summary": {"covered_lines": 0, "num_statements": 1, "percent_covered": 0.0, "percent_covered_display": "0", "missing_lines": 1, "excluded_lines": 0}, "missing_lines": [203], "excluded_lines": []}, "SessionExpiredError": {"executed_lines": [], "summary": {"covered_lines": 0, "num_statements": 1, "percent_covered": 0.0, "percent_covered_display": "0", "missing_lines": 1, "excluded_lines": 0}, "missing_lines": [210], "excluded_lines": []}, "SessionNotFoundError": {"executed_lines": [], "summary": {"covered_lines": 0, "num_statements": 1, "percent_covered": 0.0, "percent_covered_display": "0", "missing_lines": 1, "excluded_lines": 0}, "missing_lines": [217], "excluded_lines": []}, "OrbitalServiceError": {"executed_lines": [], "summary": {"covered_lines": 0, "num_statements": 1, "percent_covered": 0.0, "percent_covered_display": "0", "missing_lines": 1, "excluded_lines": 0}, "missing_lines": [224], "excluded_lines": []}, "OrbitalTokenCreationError": {"executed_lines": [], "summary": {"covered_lines": 0, "num_statements": 1, "percent_covered": 0.0, "percent_covered_display": "0", "missing_lines": 1, "excluded_lines": 0}, "missing_lines": [231], "excluded_lines": []}, "OrbitalTokenValidationError": {"executed_lines": [], "summary": {"covered_lines": 0, "num_statements": 1, "percent_covered": 0.0, "percent_covered_display": "0", "missing_lines": 1, "excluded_lines": 0}, "missing_lines": [238], "excluded_lines": []}, "RefreshTokenRepoError": {"executed_lines": [], "summary": {"covered_lines": 0, "num_statements": 1, "percent_covered": 0.0, "percent_covered_display": "0", "missing_lines": 1, "excluded_lines": 0}, "missing_lines": [250], "excluded_lines": []}, "RefreshTokenCreateError": {"executed_lines": [], "summary": {"covered_lines": 0, "num_statements": 1, "percent_covered": 0.0, "percent_covered_display": "0", "missing_lines": 1, "excluded_lines": 0}, "missing_lines": [257], "excluded_lines": []}, "RefreshTokenUpdateError": {"executed_lines": [], "summary": {"covered_lines": 0, "num_statements": 1, "percent_covered": 0.0, "percent_covered_display": "0", "missing_lines": 1, "excluded_lines": 0}, "missing_lines": [264], "excluded_lines": []}, "RefreshTokenDeleteError": {"executed_lines": [], "summary": {"covered_lines": 0, "num_statements": 1, "percent_covered": 0.0, "percent_covered_display": "0", "missing_lines": 1, "excluded_lines": 0}, "missing_lines": [271], "excluded_lines": []}, "UserSessionRepoError": {"executed_lines": [], "summary": {"covered_lines": 0, "num_statements": 1, "percent_covered": 0.0, "percent_covered_display": "0", "missing_lines": 1, "excluded_lines": 0}, "missing_lines": [278], "excluded_lines": []}, "UserSessionCreateError": {"executed_lines": [], "summary": {"covered_lines": 0, "num_statements": 1, "percent_covered": 0.0, "percent_covered_display": "0", "missing_lines": 1, "excluded_lines": 0}, "missing_lines": [285], "excluded_lines": []}, "UserSessionUpdateError": {"executed_lines": [], "summary": {"covered_lines": 0, "num_statements": 1, "percent_covered": 0.0, "percent_covered_display": "0", "missing_lines": 1, "excluded_lines": 0}, "missing_lines": [292], "excluded_lines": []}, "UserSessionDeleteError": {"executed_lines": [], "summary": {"covered_lines": 0, "num_statements": 1, "percent_covered": 0.0, "percent_covered_display": "0", "missing_lines": 1, "excluded_lines": 0}, "missing_lines": [299], "excluded_lines": []}, "OrbitalTokenRepoError": {"executed_lines": [], "summary": {"covered_lines": 0, "num_statements": 1, "percent_covered": 0.0, "percent_covered_display": "0", "missing_lines": 1, "excluded_lines": 0}, "missing_lines": [306], "excluded_lines": []}, "OrbitalTokenCreateError": {"executed_lines": [], "summary": {"covered_lines": 0, "num_statements": 1, "percent_covered": 0.0, "percent_covered_display": "0", "missing_lines": 1, "excluded_lines": 0}, "missing_lines": [313], "excluded_lines": []}, "OrbitalTokenUpdateError": {"executed_lines": [], "summary": {"covered_lines": 0, "num_statements": 1, "percent_covered": 0.0, "percent_covered_display": "0", "missing_lines": 1, "excluded_lines": 0}, "missing_lines": [320], "excluded_lines": []}, "OrbitalTokenDeleteError": {"executed_lines": [], "summary": {"covered_lines": 0, "num_statements": 1, "percent_covered": 0.0, "percent_covered_display": "0", "missing_lines": 1, "excluded_lines": 0}, "missing_lines": [327], "excluded_lines": []}, "AuthTokenValidationError": {"executed_lines": [339], "summary": {"covered_lines": 1, "num_statements": 1, "percent_covered": 100.0, "percent_covered_display": "100", "missing_lines": 0, "excluded_lines": 0}, "missing_lines": [], "excluded_lines": []}, "AuthSessionValidationError": {"executed_lines": [], "summary": {"covered_lines": 0, "num_statements": 1, "percent_covered": 0.0, "percent_covered_display": "0", "missing_lines": 1, "excluded_lines": 0}, "missing_lines": [346], "excluded_lines": []}, "AuthCSRFValidationError": {"executed_lines": [], "summary": {"covered_lines": 0, "num_statements": 1, "percent_covered": 0.0, "percent_covered_display": "0", "missing_lines": 1, "excluded_lines": 0}, "missing_lines": [353], "excluded_lines": []}, "AuthUserNotFoundError": {"executed_lines": [], "summary": {"covered_lines": 0, "num_statements": 1, "percent_covered": 0.0, "percent_covered_display": "0", "missing_lines": 1, "excluded_lines": 0}, "missing_lines": [360], "excluded_lines": []}, "AuthUserInactiveError": {"executed_lines": [], "summary": {"covered_lines": 0, "num_statements": 1, "percent_covered": 0.0, "percent_covered_display": "0", "missing_lines": 1, "excluded_lines": 0}, "missing_lines": [367], "excluded_lines": []}, "AuthUserNotVerifiedError": {"executed_lines": [], "summary": {"covered_lines": 0, "num_statements": 1, "percent_covered": 0.0, "percent_covered_display": "0", "missing_lines": 1, "excluded_lines": 0}, "missing_lines": [374], "excluded_lines": []}, "AuthInsufficientPermissionsError": {"executed_lines": [381], "summary": {"covered_lines": 1, "num_statements": 1, "percent_covered": 100.0, "percent_covered_display": "100", "missing_lines": 0, "excluded_lines": 0}, "missing_lines": [], "excluded_lines": []}, "AuthSchemaValidationError": {"executed_lines": [], "summary": {"covered_lines": 0, "num_statements": 2, "percent_covered": 0.0, "percent_covered_display": "0", "missing_lines": 2, "excluded_lines": 0}, "missing_lines": [393, 394], "excluded_lines": []}, "AuthUsernameValidationError": {"executed_lines": [], "summary": {"covered_lines": 0, "num_statements": 1, "percent_covered": 0.0, "percent_covered_display": "0", "missing_lines": 1, "excluded_lines": 0}, "missing_lines": [401], "excluded_lines": []}, "AuthPasswordValidationError": {"executed_lines": [], "summary": {"covered_lines": 0, "num_statements": 0, "percent_covered": 100.0, "percent_covered_display": "100", "missing_lines": 0, "excluded_lines": 1}, "missing_lines": [], "excluded_lines": [408]}, "AuthPasswordMismatchError": {"executed_lines": [], "summary": {"covered_lines": 0, "num_statements": 0, "percent_covered": 100.0, "percent_covered_display": "100", "missing_lines": 0, "excluded_lines": 1}, "missing_lines": [], "excluded_lines": [415]}, "AuthTermsAcceptanceError": {"executed_lines": [], "summary": {"covered_lines": 0, "num_statements": 1, "percent_covered": 0.0, "percent_covered_display": "0", "missing_lines": 1, "excluded_lines": 0}, "missing_lines": [422], "excluded_lines": []}, "": {"executed_lines": [1, 11, 13, 20, 21, 36, 44, 45, 47, 50, 51, 53, 56, 57, 59, 62, 63, 65, 73, 74, 76, 80, 81, 83, 87, 88, 90, 94, 95, 97, 101, 102, 104, 108, 109, 111, 115, 116, 118, 122, 123, 125, 129, 130, 132, 141, 142, 143, 144, 145, 146, 147, 148, 149, 157, 158, 160, 164, 165, 167, 171, 172, 174, 178, 179, 181, 185, 186, 188, 192, 193, 195, 199, 200, 202, 206, 207, 209, 213, 214, 216, 220, 221, 223, 227, 228, 230, 234, 235, 237, 246, 247, 249, 253, 254, 256, 260, 261, 263, 267, 268, 270, 274, 275, 277, 281, 282, 284, 288, 289, 291, 295, 296, 298, 302, 303, 305, 309, 310, 312, 316, 317, 319, 323, 324, 326, 335, 336, 338, 342, 343, 345, 349, 350, 352, 356, 357, 359, 363, 364, 366, 370, 371, 373, 377, 378, 380, 389, 390, 392, 397, 398, 400, 404, 405, 407, 411, 412, 414, 418, 419, 421], "summary": {"covered_lines": 105, "num_statements": 105, "percent_covered": 100.0, "percent_covered_display": "100", "missing_lines": 0, "excluded_lines": 6}, "missing_lines": [], "excluded_lines": [36, 47, 53, 59, 65, 407]}}}, "src/apps/auth/interfaces.py": {"executed_lines": [1, 52, 53, 54, 57, 58, 59, 60, 63, 64, 65, 68, 69, 102, 103, 104, 105, 106, 107, 110, 111, 113, 114, 123, 124, 157, 158, 159, 160, 161, 164, 165, 166, 167, 169, 170, 178, 183, 184, 216, 217, 218, 219, 220, 223, 224, 227, 228, 229, 231, 232, 240, 249, 262, 263, 301, 302, 303, 304, 305, 306, 307, 310, 311, 312, 314, 315, 323, 327, 340, 341, 372, 373, 374, 375, 376, 379, 380, 381, 384, 385, 388, 389, 418, 419, 420, 421, 424, 425, 426, 427, 430, 431, 434, 435, 465, 466, 467, 468, 469, 472, 473, 474, 476, 477, 486, 487, 514, 515, 516, 517, 518, 521, 522, 524, 525, 534, 535, 572, 573, 574, 575, 578, 579, 580, 583, 584, 586, 595, 596, 627, 628, 629, 630, 631, 634, 635, 637, 645, 658, 659, 660, 661, 662, 663, 664, 665], "summary": {"covered_lines": 136, "num_statements": 150, "percent_covered": 90.66666666666667, "percent_covered_display": "91", "missing_lines": 14, "excluded_lines": 2}, "missing_lines": [120, 176, 180, 238, 247, 259, 321, 325, 337, 483, 531, 592, 643, 654], "excluded_lines": [263, 435], "functions": {"TokenPayload.is_expired": {"executed_lines": [], "summary": {"covered_lines": 0, "num_statements": 1, "percent_covered": 0.0, "percent_covered_display": "0", "missing_lines": 1, "excluded_lines": 0}, "missing_lines": [120], "excluded_lines": []}, "RefreshTokenData.is_valid": {"executed_lines": [], "summary": {"covered_lines": 0, "num_statements": 1, "percent_covered": 0.0, "percent_covered_display": "0", "missing_lines": 1, "excluded_lines": 0}, "missing_lines": [176], "excluded_lines": []}, "RefreshTokenData.revoke": {"executed_lines": [], "summary": {"covered_lines": 0, "num_statements": 1, "percent_covered": 0.0, "percent_covered_display": "0", "missing_lines": 1, "excluded_lines": 0}, "missing_lines": [180], "excluded_lines": []}, "SessionData.is_valid": {"executed_lines": [], "summary": {"covered_lines": 0, "num_statements": 1, "percent_covered": 0.0, "percent_covered_display": "0", "missing_lines": 1, "excluded_lines": 0}, "missing_lines": [238], "excluded_lines": []}, "SessionData.set_data": {"executed_lines": [], "summary": {"covered_lines": 0, "num_statements": 1, "percent_covered": 0.0, "percent_covered_display": "0", "missing_lines": 1, "excluded_lines": 0}, "missing_lines": [247], "excluded_lines": []}, "SessionData.get_data": {"executed_lines": [], "summary": {"covered_lines": 0, "num_statements": 1, "percent_covered": 0.0, "percent_covered_display": "0", "missing_lines": 1, "excluded_lines": 0}, "missing_lines": [259], "excluded_lines": []}, "OrbitalTokenData.is_valid": {"executed_lines": [], "summary": {"covered_lines": 0, "num_statements": 1, "percent_covered": 0.0, "percent_covered_display": "0", "missing_lines": 1, "excluded_lines": 0}, "missing_lines": [321], "excluded_lines": []}, "OrbitalTokenData.consume": {"executed_lines": [], "summary": {"covered_lines": 0, "num_statements": 1, "percent_covered": 0.0, "percent_covered_display": "0", "missing_lines": 1, "excluded_lines": 0}, "missing_lines": [325], "excluded_lines": []}, "OrbitalTokenData.get_metadata": {"executed_lines": [], "summary": {"covered_lines": 0, "num_statements": 1, "percent_covered": 0.0, "percent_covered_display": "0", "missing_lines": 1, "excluded_lines": 0}, "missing_lines": [337], "excluded_lines": []}, "PasswordResetRequest.is_valid": {"executed_lines": [], "summary": {"covered_lines": 0, "num_statements": 1, "percent_covered": 0.0, "percent_covered_display": "0", "missing_lines": 1, "excluded_lines": 0}, "missing_lines": [483], "excluded_lines": []}, "EmailVerificationRequest.is_valid": {"executed_lines": [], "summary": {"covered_lines": 0, "num_statements": 1, "percent_covered": 0.0, "percent_covered_display": "0", "missing_lines": 1, "excluded_lines": 0}, "missing_lines": [531], "excluded_lines": []}, "SecurityEvent.anonymize": {"executed_lines": [], "summary": {"covered_lines": 0, "num_statements": 1, "percent_covered": 0.0, "percent_covered_display": "0", "missing_lines": 1, "excluded_lines": 0}, "missing_lines": [592], "excluded_lines": []}, "TwoFactorAuth.generate_code": {"executed_lines": [], "summary": {"covered_lines": 0, "num_statements": 1, "percent_covered": 0.0, "percent_covered_display": "0", "missing_lines": 1, "excluded_lines": 0}, "missing_lines": [643], "excluded_lines": []}, "TwoFactorAuth.verify_code": {"executed_lines": [], "summary": {"covered_lines": 0, "num_statements": 1, "percent_covered": 0.0, "percent_covered_display": "0", "missing_lines": 1, "excluded_lines": 0}, "missing_lines": [654], "excluded_lines": []}, "": {"executed_lines": [1, 52, 53, 54, 57, 58, 59, 60, 63, 64, 65, 68, 69, 102, 103, 104, 105, 106, 107, 110, 111, 113, 114, 123, 124, 157, 158, 159, 160, 161, 164, 165, 166, 167, 169, 170, 178, 183, 184, 216, 217, 218, 219, 220, 223, 224, 227, 228, 229, 231, 232, 240, 249, 262, 263, 301, 302, 303, 304, 305, 306, 307, 310, 311, 312, 314, 315, 323, 327, 340, 341, 372, 373, 374, 375, 376, 379, 380, 381, 384, 385, 388, 389, 418, 419, 420, 421, 424, 425, 426, 427, 430, 431, 434, 435, 465, 466, 467, 468, 469, 472, 473, 474, 476, 477, 486, 487, 514, 515, 516, 517, 518, 521, 522, 524, 525, 534, 535, 572, 573, 574, 575, 578, 579, 580, 583, 584, 586, 595, 596, 627, 628, 629, 630, 631, 634, 635, 637, 645, 658, 659, 660, 661, 662, 663, 664, 665], "summary": {"covered_lines": 136, "num_statements": 136, "percent_covered": 100.0, "percent_covered_display": "100", "missing_lines": 0, "excluded_lines": 2}, "missing_lines": [], "excluded_lines": [263, 435]}}, "classes": {"TokenPayload": {"executed_lines": [], "summary": {"covered_lines": 0, "num_statements": 1, "percent_covered": 0.0, "percent_covered_display": "0", "missing_lines": 1, "excluded_lines": 0}, "missing_lines": [120], "excluded_lines": []}, "RefreshTokenData": {"executed_lines": [], "summary": {"covered_lines": 0, "num_statements": 2, "percent_covered": 0.0, "percent_covered_display": "0", "missing_lines": 2, "excluded_lines": 0}, "missing_lines": [176, 180], "excluded_lines": []}, "SessionData": {"executed_lines": [], "summary": {"covered_lines": 0, "num_statements": 3, "percent_covered": 0.0, "percent_covered_display": "0", "missing_lines": 3, "excluded_lines": 0}, "missing_lines": [238, 247, 259], "excluded_lines": []}, "OrbitalTokenData": {"executed_lines": [], "summary": {"covered_lines": 0, "num_statements": 3, "percent_covered": 0.0, "percent_covered_display": "0", "missing_lines": 3, "excluded_lines": 0}, "missing_lines": [321, 325, 337], "excluded_lines": []}, "AuthenticationResult": {"executed_lines": [], "summary": {"covered_lines": 0, "num_statements": 0, "percent_covered": 100.0, "percent_covered_display": "100", "missing_lines": 0, "excluded_lines": 0}, "missing_lines": [], "excluded_lines": []}, "AuthenticationAttempt": {"executed_lines": [], "summary": {"covered_lines": 0, "num_statements": 0, "percent_covered": 100.0, "percent_covered_display": "100", "missing_lines": 0, "excluded_lines": 0}, "missing_lines": [], "excluded_lines": []}, "PasswordResetRequest": {"executed_lines": [], "summary": {"covered_lines": 0, "num_statements": 1, "percent_covered": 0.0, "percent_covered_display": "0", "missing_lines": 1, "excluded_lines": 0}, "missing_lines": [483], "excluded_lines": []}, "EmailVerificationRequest": {"executed_lines": [], "summary": {"covered_lines": 0, "num_statements": 1, "percent_covered": 0.0, "percent_covered_display": "0", "missing_lines": 1, "excluded_lines": 0}, "missing_lines": [531], "excluded_lines": []}, "SecurityEvent": {"executed_lines": [], "summary": {"covered_lines": 0, "num_statements": 1, "percent_covered": 0.0, "percent_covered_display": "0", "missing_lines": 1, "excluded_lines": 0}, "missing_lines": [592], "excluded_lines": []}, "TwoFactorAuth": {"executed_lines": [], "summary": {"covered_lines": 0, "num_statements": 2, "percent_covered": 0.0, "percent_covered_display": "0", "missing_lines": 2, "excluded_lines": 0}, "missing_lines": [643, 654], "excluded_lines": []}, "": {"executed_lines": [1, 52, 53, 54, 57, 58, 59, 60, 63, 64, 65, 68, 69, 102, 103, 104, 105, 106, 107, 110, 111, 113, 114, 123, 124, 157, 158, 159, 160, 161, 164, 165, 166, 167, 169, 170, 178, 183, 184, 216, 217, 218, 219, 220, 223, 224, 227, 228, 229, 231, 232, 240, 249, 262, 263, 301, 302, 303, 304, 305, 306, 307, 310, 311, 312, 314, 315, 323, 327, 340, 341, 372, 373, 374, 375, 376, 379, 380, 381, 384, 385, 388, 389, 418, 419, 420, 421, 424, 425, 426, 427, 430, 431, 434, 435, 465, 466, 467, 468, 469, 472, 473, 474, 476, 477, 486, 487, 514, 515, 516, 517, 518, 521, 522, 524, 525, 534, 535, 572, 573, 574, 575, 578, 579, 580, 583, 584, 586, 595, 596, 627, 628, 629, 630, 631, 634, 635, 637, 645, 658, 659, 660, 661, 662, 663, 664, 665], "summary": {"covered_lines": 136, "num_statements": 136, "percent_covered": 100.0, "percent_covered_display": "100", "missing_lines": 0, "excluded_lines": 2}, "missing_lines": [], "excluded_lines": [263, 435]}}}, "src/apps/auth/models/auth_models.py": {"executed_lines": [1, 5, 6, 7, 9, 10, 11, 13, 15, 19, 20, 29, 32, 41, 45, 50, 54, 60, 63, 65, 70, 72, 75, 78, 79, 83, 84, 88, 92, 97, 98, 107, 110, 119, 123, 128, 133, 139, 141, 144, 146, 151, 153, 156, 159, 160, 164, 165, 169, 175, 179, 183, 189, 195, 200, 201, 212, 215, 224, 226, 230, 232, 237, 241, 248, 250, 255, 257, 260, 263, 264, 268, 269, 273, 278, 284], "summary": {"covered_lines": 67, "num_statements": 97, "percent_covered": 69.0721649484536, "percent_covered_display": "69", "missing_lines": 30, "excluded_lines": 9}, "missing_lines": [73, 81, 86, 90, 94, 154, 162, 167, 171, 173, 177, 181, 185, 186, 187, 191, 192, 193, 197, 258, 266, 271, 275, 276, 280, 281, 282, 286, 287, 288], "excluded_lines": [15, 16, 75, 76, 156, 157, 226, 260, 261], "functions": {"RefreshToken.__str__": {"executed_lines": [], "summary": {"covered_lines": 0, "num_statements": 1, "percent_covered": 0.0, "percent_covered_display": "0", "missing_lines": 1, "excluded_lines": 0}, "missing_lines": [73], "excluded_lines": []}, "RefreshToken.__repr__": {"executed_lines": [], "summary": {"covered_lines": 0, "num_statements": 0, "percent_covered": 100.0, "percent_covered_display": "100", "missing_lines": 0, "excluded_lines": 1}, "missing_lines": [], "excluded_lines": [76]}, "RefreshToken.is_expired": {"executed_lines": [], "summary": {"covered_lines": 0, "num_statements": 1, "percent_covered": 0.0, "percent_covered_display": "0", "missing_lines": 1, "excluded_lines": 0}, "missing_lines": [81], "excluded_lines": []}, "RefreshToken.is_valid": {"executed_lines": [], "summary": {"covered_lines": 0, "num_statements": 1, "percent_covered": 0.0, "percent_covered_display": "0", "missing_lines": 1, "excluded_lines": 0}, "missing_lines": [86], "excluded_lines": []}, "RefreshToken.revoke": {"executed_lines": [], "summary": {"covered_lines": 0, "num_statements": 1, "percent_covered": 0.0, "percent_covered_display": "0", "missing_lines": 1, "excluded_lines": 0}, "missing_lines": [90], "excluded_lines": []}, "RefreshToken.update_last_used": {"executed_lines": [], "summary": {"covered_lines": 0, "num_statements": 1, "percent_covered": 0.0, "percent_covered_display": "0", "missing_lines": 1, "excluded_lines": 0}, "missing_lines": [94], "excluded_lines": []}, "UserSession.__str__": {"executed_lines": [], "summary": {"covered_lines": 0, "num_statements": 1, "percent_covered": 0.0, "percent_covered_display": "0", "missing_lines": 1, "excluded_lines": 0}, "missing_lines": [154], "excluded_lines": []}, "UserSession.__repr__": {"executed_lines": [], "summary": {"covered_lines": 0, "num_statements": 0, "percent_covered": 100.0, "percent_covered_display": "100", "missing_lines": 0, "excluded_lines": 1}, "missing_lines": [], "excluded_lines": [157]}, "UserSession.is_expired": {"executed_lines": [], "summary": {"covered_lines": 0, "num_statements": 1, "percent_covered": 0.0, "percent_covered_display": "0", "missing_lines": 1, "excluded_lines": 0}, "missing_lines": [162], "excluded_lines": []}, "UserSession.is_valid": {"executed_lines": [], "summary": {"covered_lines": 0, "num_statements": 1, "percent_covered": 0.0, "percent_covered_display": "0", "missing_lines": 1, "excluded_lines": 0}, "missing_lines": [167], "excluded_lines": []}, "UserSession.extend_expiry": {"executed_lines": [], "summary": {"covered_lines": 0, "num_statements": 2, "percent_covered": 0.0, "percent_covered_display": "0", "missing_lines": 2, "excluded_lines": 0}, "missing_lines": [171, 173], "excluded_lines": []}, "UserSession.update_activity": {"executed_lines": [], "summary": {"covered_lines": 0, "num_statements": 1, "percent_covered": 0.0, "percent_covered_display": "0", "missing_lines": 1, "excluded_lines": 0}, "missing_lines": [177], "excluded_lines": []}, "UserSession.invalidate": {"executed_lines": [], "summary": {"covered_lines": 0, "num_statements": 1, "percent_covered": 0.0, "percent_covered_display": "0", "missing_lines": 1, "excluded_lines": 0}, "missing_lines": [181], "excluded_lines": []}, "UserSession.set_data": {"executed_lines": [], "summary": {"covered_lines": 0, "num_statements": 3, "percent_covered": 0.0, "percent_covered_display": "0", "missing_lines": 3, "excluded_lines": 0}, "missing_lines": [185, 186, 187], "excluded_lines": []}, "UserSession.get_data": {"executed_lines": [], "summary": {"covered_lines": 0, "num_statements": 3, "percent_covered": 0.0, "percent_covered_display": "0", "missing_lines": 3, "excluded_lines": 0}, "missing_lines": [191, 192, 193], "excluded_lines": []}, "UserSession.clear_data": {"executed_lines": [], "summary": {"covered_lines": 0, "num_statements": 1, "percent_covered": 0.0, "percent_covered_display": "0", "missing_lines": 1, "excluded_lines": 0}, "missing_lines": [197], "excluded_lines": []}, "OrbitalToken.__str__": {"executed_lines": [], "summary": {"covered_lines": 0, "num_statements": 1, "percent_covered": 0.0, "percent_covered_display": "0", "missing_lines": 1, "excluded_lines": 0}, "missing_lines": [258], "excluded_lines": []}, "OrbitalToken.__repr__": {"executed_lines": [], "summary": {"covered_lines": 0, "num_statements": 0, "percent_covered": 100.0, "percent_covered_display": "100", "missing_lines": 0, "excluded_lines": 1}, "missing_lines": [], "excluded_lines": [261]}, "OrbitalToken.is_expired": {"executed_lines": [], "summary": {"covered_lines": 0, "num_statements": 1, "percent_covered": 0.0, "percent_covered_display": "0", "missing_lines": 1, "excluded_lines": 0}, "missing_lines": [266], "excluded_lines": []}, "OrbitalToken.is_valid": {"executed_lines": [], "summary": {"covered_lines": 0, "num_statements": 1, "percent_covered": 0.0, "percent_covered_display": "0", "missing_lines": 1, "excluded_lines": 0}, "missing_lines": [271], "excluded_lines": []}, "OrbitalToken.consume": {"executed_lines": [], "summary": {"covered_lines": 0, "num_statements": 2, "percent_covered": 0.0, "percent_covered_display": "0", "missing_lines": 2, "excluded_lines": 0}, "missing_lines": [275, 276], "excluded_lines": []}, "OrbitalToken.get_metadata": {"executed_lines": [], "summary": {"covered_lines": 0, "num_statements": 3, "percent_covered": 0.0, "percent_covered_display": "0", "missing_lines": 3, "excluded_lines": 0}, "missing_lines": [280, 281, 282], "excluded_lines": []}, "OrbitalToken.set_metadata": {"executed_lines": [], "summary": {"covered_lines": 0, "num_statements": 3, "percent_covered": 0.0, "percent_covered_display": "0", "missing_lines": 3, "excluded_lines": 0}, "missing_lines": [286, 287, 288], "excluded_lines": []}, "": {"executed_lines": [1, 5, 6, 7, 9, 10, 11, 13, 15, 19, 20, 29, 32, 41, 45, 50, 54, 60, 63, 65, 70, 72, 75, 78, 79, 83, 84, 88, 92, 97, 98, 107, 110, 119, 123, 128, 133, 139, 141, 144, 146, 151, 153, 156, 159, 160, 164, 165, 169, 175, 179, 183, 189, 195, 200, 201, 212, 215, 224, 226, 230, 232, 237, 241, 248, 250, 255, 257, 260, 263, 264, 268, 269, 273, 278, 284], "summary": {"covered_lines": 67, "num_statements": 67, "percent_covered": 100.0, "percent_covered_display": "100", "missing_lines": 0, "excluded_lines": 6}, "missing_lines": [], "excluded_lines": [15, 16, 75, 156, 226, 260]}}, "classes": {"RefreshToken": {"executed_lines": [], "summary": {"covered_lines": 0, "num_statements": 5, "percent_covered": 0.0, "percent_covered_display": "0", "missing_lines": 5, "excluded_lines": 1}, "missing_lines": [73, 81, 86, 90, 94], "excluded_lines": [76]}, "UserSession": {"executed_lines": [], "summary": {"covered_lines": 0, "num_statements": 14, "percent_covered": 0.0, "percent_covered_display": "0", "missing_lines": 14, "excluded_lines": 1}, "missing_lines": [154, 162, 167, 171, 173, 177, 181, 185, 186, 187, 191, 192, 193, 197], "excluded_lines": [157]}, "OrbitalToken": {"executed_lines": [], "summary": {"covered_lines": 0, "num_statements": 11, "percent_covered": 0.0, "percent_covered_display": "0", "missing_lines": 11, "excluded_lines": 1}, "missing_lines": [258, 266, 271, 275, 276, 280, 281, 282, 286, 287, 288], "excluded_lines": [261]}, "": {"executed_lines": [1, 5, 6, 7, 9, 10, 11, 13, 15, 19, 20, 29, 32, 41, 45, 50, 54, 60, 63, 65, 70, 72, 75, 78, 79, 83, 84, 88, 92, 97, 98, 107, 110, 119, 123, 128, 133, 139, 141, 144, 146, 151, 153, 156, 159, 160, 164, 165, 169, 175, 179, 183, 189, 195, 200, 201, 212, 215, 224, 226, 230, 232, 237, 241, 248, 250, 255, 257, 260, 263, 264, 268, 269, 273, 278, 284], "summary": {"covered_lines": 67, "num_statements": 67, "percent_covered": 100.0, "percent_covered_display": "100", "missing_lines": 0, "excluded_lines": 6}, "missing_lines": [], "excluded_lines": [15, 16, 75, 156, 226, 260]}}}, "src/apps/auth/repo/orbital_token_repo.py": {"executed_lines": [1, 5, 6, 7, 9, 10, 12, 13, 14, 17, 18, 29, 32, 68, 91, 120, 132, 158, 181, 269, 302, 324], "summary": {"covered_lines": 20, "num_statements": 97, "percent_covered": 20.61855670103093, "percent_covered_display": "21", "missing_lines": 77, "excluded_lines": 0}, "missing_lines": [30, 48, 55, 56, 58, 59, 61, 62, 64, 65, 66, 75, 87, 88, 89, 102, 108, 109, 111, 112, 114, 116, 117, 118, 126, 128, 129, 130, 143, 150, 151, 153, 155, 156, 166, 173, 174, 176, 178, 179, 189, 197, 207, 216, 226, 242, 243, 244, 245, 246, 248, 249, 250, 251, 253, 254, 255, 261, 281, 286, 287, 289, 290, 297, 299, 300, 309, 311, 313, 320, 321, 322, 335, 344, 348, 349, 352], "excluded_lines": [], "functions": {"OrbitalTokenRepository.__init__": {"executed_lines": [], "summary": {"covered_lines": 0, "num_statements": 1, "percent_covered": 0.0, "percent_covered_display": "0", "missing_lines": 1, "excluded_lines": 0}, "missing_lines": [30], "excluded_lines": []}, "OrbitalTokenRepository.get_valid_token": {"executed_lines": [], "summary": {"covered_lines": 0, "num_statements": 10, "percent_covered": 0.0, "percent_covered_display": "0", "missing_lines": 10, "excluded_lines": 0}, "missing_lines": [48, 55, 56, 58, 59, 61, 62, 64, 65, 66], "excluded_lines": []}, "OrbitalTokenRepository.consume_token": {"executed_lines": [], "summary": {"covered_lines": 0, "num_statements": 4, "percent_covered": 0.0, "percent_covered_display": "0", "missing_lines": 4, "excluded_lines": 0}, "missing_lines": [75, 87, 88, 89], "excluded_lines": []}, "OrbitalTokenRepository.revoke_user_tokens": {"executed_lines": [], "summary": {"covered_lines": 0, "num_statements": 9, "percent_covered": 0.0, "percent_covered_display": "0", "missing_lines": 9, "excluded_lines": 0}, "missing_lines": [102, 108, 109, 111, 112, 114, 116, 117, 118], "excluded_lines": []}, "OrbitalTokenRepository.cleanup_expired_tokens": {"executed_lines": [], "summary": {"covered_lines": 0, "num_statements": 4, "percent_covered": 0.0, "percent_covered_display": "0", "missing_lines": 4, "excluded_lines": 0}, "missing_lines": [126, 128, 129, 130], "excluded_lines": []}, "OrbitalTokenRepository.list_active_tokens": {"executed_lines": [], "summary": {"covered_lines": 0, "num_statements": 6, "percent_covered": 0.0, "percent_covered_display": "0", "missing_lines": 6, "excluded_lines": 0}, "missing_lines": [143, 150, 151, 153, 155, 156], "excluded_lines": []}, "OrbitalTokenRepository.count_active_tokens": {"executed_lines": [], "summary": {"covered_lines": 0, "num_statements": 6, "percent_covered": 0.0, "percent_covered_display": "0", "missing_lines": 6, "excluded_lines": 0}, "missing_lines": [166, 173, 174, 176, 178, 179], "excluded_lines": []}, "OrbitalTokenRepository.get_user_tokens_stats": {"executed_lines": [], "summary": {"covered_lines": 0, "num_statements": 18, "percent_covered": 0.0, "percent_covered_display": "0", "missing_lines": 18, "excluded_lines": 0}, "missing_lines": [189, 197, 207, 216, 226, 242, 243, 244, 245, 246, 248, 249, 250, 251, 253, 254, 255, 261], "excluded_lines": []}, "OrbitalTokenRepository.get_tokens_by_purpose": {"executed_lines": [], "summary": {"covered_lines": 0, "num_statements": 8, "percent_covered": 0.0, "percent_covered_display": "0", "missing_lines": 8, "excluded_lines": 0}, "missing_lines": [281, 286, 287, 289, 290, 297, 299, 300], "excluded_lines": []}, "OrbitalTokenRepository.cleanup_old_used_tokens": {"executed_lines": [], "summary": {"covered_lines": 0, "num_statements": 6, "percent_covered": 0.0, "percent_covered_display": "0", "missing_lines": 6, "excluded_lines": 0}, "missing_lines": [309, 311, 313, 320, 321, 322], "excluded_lines": []}, "OrbitalTokenRepository.find_duplicate_tokens": {"executed_lines": [], "summary": {"covered_lines": 0, "num_statements": 5, "percent_covered": 0.0, "percent_covered_display": "0", "missing_lines": 5, "excluded_lines": 0}, "missing_lines": [335, 344, 348, 349, 352], "excluded_lines": []}, "": {"executed_lines": [1, 5, 6, 7, 9, 10, 12, 13, 14, 17, 18, 29, 32, 68, 91, 120, 132, 158, 181, 269, 302, 324], "summary": {"covered_lines": 20, "num_statements": 20, "percent_covered": 100.0, "percent_covered_display": "100", "missing_lines": 0, "excluded_lines": 0}, "missing_lines": [], "excluded_lines": []}}, "classes": {"OrbitalTokenRepository": {"executed_lines": [], "summary": {"covered_lines": 0, "num_statements": 77, "percent_covered": 0.0, "percent_covered_display": "0", "missing_lines": 77, "excluded_lines": 0}, "missing_lines": [30, 48, 55, 56, 58, 59, 61, 62, 64, 65, 66, 75, 87, 88, 89, 102, 108, 109, 111, 112, 114, 116, 117, 118, 126, 128, 129, 130, 143, 150, 151, 153, 155, 156, 166, 173, 174, 176, 178, 179, 189, 197, 207, 216, 226, 242, 243, 244, 245, 246, 248, 249, 250, 251, 253, 254, 255, 261, 281, 286, 287, 289, 290, 297, 299, 300, 309, 311, 313, 320, 321, 322, 335, 344, 348, 349, 352], "excluded_lines": []}, "": {"executed_lines": [1, 5, 6, 7, 9, 10, 12, 13, 14, 17, 18, 29, 32, 68, 91, 120, 132, 158, 181, 269, 302, 324], "summary": {"covered_lines": 20, "num_statements": 20, "percent_covered": 100.0, "percent_covered_display": "100", "missing_lines": 0, "excluded_lines": 0}, "missing_lines": [], "excluded_lines": []}}}, "src/apps/auth/repo/refresh_token_repo.py": {"executed_lines": [1, 5, 6, 7, 8, 10, 11, 12, 14, 15, 18, 19, 26, 27, 29, 38, 54, 64, 93, 111, 122, 136, 147, 160, 174, 188, 209, 219, 232], "summary": {"covered_lines": 27, "num_statements": 66, "percent_covered": 40.90909090909091, "percent_covered_display": "41", "missing_lines": 39, "excluded_lines": 0}, "missing_lines": [36, 45, 51, 52, 61, 62, 83, 85, 86, 88, 89, 91, 104, 106, 107, 109, 118, 129, 130, 131, 133, 134, 143, 153, 155, 167, 169, 181, 182, 183, 185, 186, 194, 196, 207, 217, 227, 239, 241], "excluded_lines": [], "functions": {"RefreshTokenRepository.__init__": {"executed_lines": [27], "summary": {"covered_lines": 1, "num_statements": 1, "percent_covered": 100.0, "percent_covered_display": "100", "missing_lines": 0, "excluded_lines": 0}, "missing_lines": [], "excluded_lines": []}, "RefreshTokenRepository.get_by_token_hash": {"executed_lines": [], "summary": {"covered_lines": 0, "num_statements": 1, "percent_covered": 0.0, "percent_covered_display": "0", "missing_lines": 1, "excluded_lines": 0}, "missing_lines": [36], "excluded_lines": []}, "RefreshTokenRepository.get_by_token_hash_with_user": {"executed_lines": [], "summary": {"covered_lines": 0, "num_statements": 3, "percent_covered": 0.0, "percent_covered_display": "0", "missing_lines": 3, "excluded_lines": 0}, "missing_lines": [45, 51, 52], "excluded_lines": []}, "RefreshTokenRepository.get_valid_token": {"executed_lines": [], "summary": {"covered_lines": 0, "num_statements": 2, "percent_covered": 0.0, "percent_covered_display": "0", "missing_lines": 2, "excluded_lines": 0}, "missing_lines": [61, 62], "excluded_lines": []}, "RefreshTokenRepository.list_by_user": {"executed_lines": [], "summary": {"covered_lines": 0, "num_statements": 6, "percent_covered": 0.0, "percent_covered_display": "0", "missing_lines": 6, "excluded_lines": 0}, "missing_lines": [83, 85, 86, 88, 89, 91], "excluded_lines": []}, "RefreshTokenRepository.list_active_tokens": {"executed_lines": [], "summary": {"covered_lines": 0, "num_statements": 4, "percent_covered": 0.0, "percent_covered_display": "0", "missing_lines": 4, "excluded_lines": 0}, "missing_lines": [104, 106, 107, 109], "excluded_lines": []}, "RefreshTokenRepository.count_active_tokens": {"executed_lines": [], "summary": {"covered_lines": 0, "num_statements": 1, "percent_covered": 0.0, "percent_covered_display": "0", "missing_lines": 1, "excluded_lines": 0}, "missing_lines": [118], "excluded_lines": []}, "RefreshTokenRepository.revoke_token": {"executed_lines": [], "summary": {"covered_lines": 0, "num_statements": 5, "percent_covered": 0.0, "percent_covered_display": "0", "missing_lines": 5, "excluded_lines": 0}, "missing_lines": [129, 130, 131, 133, 134], "excluded_lines": []}, "RefreshTokenRepository.revoke_all_user_tokens": {"executed_lines": [], "summary": {"covered_lines": 0, "num_statements": 1, "percent_covered": 0.0, "percent_covered_display": "0", "missing_lines": 1, "excluded_lines": 0}, "missing_lines": [143], "excluded_lines": []}, "RefreshTokenRepository.cleanup_expired_tokens": {"executed_lines": [], "summary": {"covered_lines": 0, "num_statements": 2, "percent_covered": 0.0, "percent_covered_display": "0", "missing_lines": 2, "excluded_lines": 0}, "missing_lines": [153, 155], "excluded_lines": []}, "RefreshTokenRepository.cleanup_revoked_tokens": {"executed_lines": [], "summary": {"covered_lines": 0, "num_statements": 2, "percent_covered": 0.0, "percent_covered_display": "0", "missing_lines": 2, "excluded_lines": 0}, "missing_lines": [167, 169], "excluded_lines": []}, "RefreshTokenRepository.update_last_used": {"executed_lines": [], "summary": {"covered_lines": 0, "num_statements": 5, "percent_covered": 0.0, "percent_covered_display": "0", "missing_lines": 5, "excluded_lines": 0}, "missing_lines": [181, 182, 183, 185, 186], "excluded_lines": []}, "RefreshTokenRepository.get_tokens_stats": {"executed_lines": [], "summary": {"covered_lines": 0, "num_statements": 3, "percent_covered": 0.0, "percent_covered_display": "0", "missing_lines": 3, "excluded_lines": 0}, "missing_lines": [194, 196, 207], "excluded_lines": []}, "RefreshTokenRepository.get_user_device_tokens": {"executed_lines": [], "summary": {"covered_lines": 0, "num_statements": 1, "percent_covered": 0.0, "percent_covered_display": "0", "missing_lines": 1, "excluded_lines": 0}, "missing_lines": [217], "excluded_lines": []}, "RefreshTokenRepository.revoke_device_tokens": {"executed_lines": [], "summary": {"covered_lines": 0, "num_statements": 1, "percent_covered": 0.0, "percent_covered_display": "0", "missing_lines": 1, "excluded_lines": 0}, "missing_lines": [227], "excluded_lines": []}, "RefreshTokenRepository.get_old_tokens_for_cleanup": {"executed_lines": [], "summary": {"covered_lines": 0, "num_statements": 2, "percent_covered": 0.0, "percent_covered_display": "0", "missing_lines": 2, "excluded_lines": 0}, "missing_lines": [239, 241], "excluded_lines": []}, "": {"executed_lines": [1, 5, 6, 7, 8, 10, 11, 12, 14, 15, 18, 19, 26, 29, 38, 54, 64, 93, 111, 122, 136, 147, 160, 174, 188, 209, 219, 232], "summary": {"covered_lines": 26, "num_statements": 26, "percent_covered": 100.0, "percent_covered_display": "100", "missing_lines": 0, "excluded_lines": 0}, "missing_lines": [], "excluded_lines": []}}, "classes": {"RefreshTokenRepository": {"executed_lines": [27], "summary": {"covered_lines": 1, "num_statements": 40, "percent_covered": 2.5, "percent_covered_display": "2", "missing_lines": 39, "excluded_lines": 0}, "missing_lines": [36, 45, 51, 52, 61, 62, 83, 85, 86, 88, 89, 91, 104, 106, 107, 109, 118, 129, 130, 131, 133, 134, 143, 153, 155, 167, 169, 181, 182, 183, 185, 186, 194, 196, 207, 217, 227, 239, 241], "excluded_lines": []}, "": {"executed_lines": [1, 5, 6, 7, 8, 10, 11, 12, 14, 15, 18, 19, 26, 29, 38, 54, 64, 93, 111, 122, 136, 147, 160, 174, 188, 209, 219, 232], "summary": {"covered_lines": 26, "num_statements": 26, "percent_covered": 100.0, "percent_covered_display": "100", "missing_lines": 0, "excluded_lines": 0}, "missing_lines": [], "excluded_lines": []}}}, "src/apps/auth/repo/user_session_repo.py": {"executed_lines": [1, 5, 6, 7, 8, 10, 11, 12, 14, 15, 18, 19, 26, 29, 38, 54, 64, 85, 106, 120, 134, 149, 163, 179, 198, 213, 227, 240, 254, 274, 284, 296], "summary": {"covered_lines": 30, "num_statements": 95, "percent_covered": 31.57894736842105, "percent_covered_display": "32", "missing_lines": 65, "excluded_lines": 0}, "missing_lines": [27, 36, 45, 51, 52, 61, 62, 76, 78, 79, 81, 95, 97, 113, 115, 116, 118, 127, 128, 129, 131, 132, 142, 144, 145, 147, 156, 157, 158, 160, 161, 171, 172, 173, 175, 176, 177, 188, 189, 190, 192, 193, 195, 196, 207, 208, 209, 211, 220, 221, 222, 224, 225, 233, 235, 247, 249, 260, 261, 263, 272, 282, 291, 294, 303], "excluded_lines": [], "functions": {"UserSessionRepository.__init__": {"executed_lines": [], "summary": {"covered_lines": 0, "num_statements": 1, "percent_covered": 0.0, "percent_covered_display": "0", "missing_lines": 1, "excluded_lines": 0}, "missing_lines": [27], "excluded_lines": []}, "UserSessionRepository.get_by_session_id": {"executed_lines": [], "summary": {"covered_lines": 0, "num_statements": 1, "percent_covered": 0.0, "percent_covered_display": "0", "missing_lines": 1, "excluded_lines": 0}, "missing_lines": [36], "excluded_lines": []}, "UserSessionRepository.get_by_session_id_with_user": {"executed_lines": [], "summary": {"co
[...]
 369, 372, 373, 376, 377, 380, 381, 384, 385, 388], "excluded_lines": []}, "setup_exception_handlers.api_exception_handler": {"executed_lines": [], "summary": {"covered_lines": 0, "num_statements": 1, "percent_covered": 0.0, "percent_covered_display": "0", "missing_lines": 1, "excluded_lines": 0}, "missing_lines": [370], "excluded_lines": []}, "setup_exception_handlers.service_exception_handler": {"executed_lines": [], "summary": {"covered_lines": 0, "num_statements": 1, "percent_covered": 0.0, "percent_covered_display": "0", "missing_lines": 1, "excluded_lines": 0}, "missing_lines": [374], "excluded_lines": []}, "setup_exception_handlers.repo_exception_handler": {"executed_lines": [], "summary": {"covered_lines": 0, "num_statements": 1, "percent_covered": 0.0, "percent_covered_display": "0", "missing_lines": 1, "excluded_lines": 0}, "missing_lines": [378], "excluded_lines": []}, "setup_exception_handlers.depends_exception_handler": {"executed_lines": [], "summary": {"covered_lines": 0, "num_statements": 1, "percent_covered": 0.0, "percent_covered_display": "0", "missing_lines": 1, "excluded_lines": 0}, "missing_lines": [382], "excluded_lines": []}, "setup_exception_handlers.generic_exception_handler": {"executed_lines": [], "summary": {"covered_lines": 0, "num_statements": 1, "percent_covered": 0.0, "percent_covered_display": "0", "missing_lines": 1, "excluded_lines": 0}, "missing_lines": [386], "excluded_lines": []}, "": {"executed_lines": [1, 8, 9, 10, 12, 13, 14, 15, 17, 18, 20, 23, 24, 30, 46, 52, 65, 78, 119, 153, 192, 236, 274, 324, 345, 360], "summary": {"covered_lines": 24, "num_statements": 24, "percent_covered": 100.0, "percent_covered_display": "100", "missing_lines": 0, "excluded_lines": 0}, "missing_lines": [], "excluded_lines": []}}, "classes": {"ExceptionContext": {"executed_lines": [], "summary": {"covered_lines": 0, "num_statements": 17, "percent_covered": 0.0, "percent_covered_display": "0", "missing_lines": 17, "excluded_lines": 0}, "missing_lines": [37, 38, 39, 40, 41, 42, 43, 44, 48, 50, 55, 56, 57, 60, 61, 63, 67], "excluded_lines": []}, "": {"executed_lines": [1, 8, 9, 10, 12, 13, 14, 15, 17, 18, 20, 23, 24, 30, 46, 52, 65, 78, 119, 153, 192, 236, 274, 324, 345, 360], "summary": {"covered_lines": 24, "num_statements": 95, "percent_covered": 25.263157894736842, "percent_covered_display": "25", "missing_lines": 71, "excluded_lines": 0}, "missing_lines": [98, 105, 106, 108, 109, 110, 116, 130, 133, 140, 147, 166, 169, 176, 179, 186, 205, 208, 215, 216, 224, 230, 249, 252, 259, 262, 268, 287, 290, 299, 300, 312, 318, 326, 329, 330, 331, 332, 333, 334, 335, 336, 337, 338, 339, 340, 342, 347, 350, 351, 352, 353, 354, 355, 357, 368, 369, 370, 372, 373, 374, 376, 377, 378, 380, 381, 382, 384, 385, 386, 388], "excluded_lines": []}}}, "src/core/exceptions/middleware.py": {"executed_lines": [1, 8, 9, 10, 11, 13, 14, 16, 17, 19, 22, 23, 30, 35, 93, 94, 101, 115, 178, 204, 218, 232, 233, 240, 243, 271, 298, 320], "summary": {"covered_lines": 24, "num_statements": 98, "percent_covered": 24.489795918367346, "percent_covered_display": "24", "missing_lines": 74, "excluded_lines": 1}, "missing_lines": [31, 32, 33, 46, 48, 49, 52, 53, 55, 57, 65, 78, 79, 90, 109, 110, 111, 112, 113, 127, 130, 131, 134, 135, 137, 139, 142, 145, 146, 149, 150, 153, 154, 156, 158, 160, 163, 176, 181, 182, 183, 186, 187, 188, 189, 191, 206, 220, 241, 255, 258, 261, 264, 267, 269, 282, 283, 284, 287, 288, 292, 293, 294, 296, 309, 310, 311, 314, 315, 317, 331, 334, 343, 345], "excluded_lines": [289], "functions": {"ExceptionHandlingMiddleware.__init__": {"executed_lines": [], "summary": {"covered_lines": 0, "num_statements": 3, "percent_covered": 0.0, "percent_covered_display": "0", "missing_lines": 3, "excluded_lines": 0}, "missing_lines": [31, 32, 33], "excluded_lines": []}, "ExceptionHandlingMiddleware.dispatch": {"executed_lines": [], "summary": {"covered_lines": 0, "num_statements": 11, "percent_covered": 0.0, "percent_covered_display": "0", "missing_lines": 11, "excluded_lines": 0}, "missing_lines": [46, 48, 49, 52, 53, 55, 57, 65, 78, 79, 90], "excluded_lines": []}, "ExceptionLoggingMiddleware.__init__": {"executed_lines": [], "summary": {"covered_lines": 0, "num_statements": 5, "percent_covered": 0.0, "percent_covered_display": "0", "missing_lines": 5, "excluded_lines": 0}, "missing_lines": [109, 110, 111, 112, 113], "excluded_lines": []}, "ExceptionLoggingMiddleware.dispatch": {"executed_lines": [], "summary": {"covered_lines": 0, "num_statements": 19, "percent_covered": 0.0, "percent_covered_display": "0", "missing_lines": 19, "excluded_lines": 0}, "missing_lines": [127, 130, 131, 134, 135, 137, 139, 142, 145, 146, 149, 150, 153, 154, 156, 158, 160, 163, 176], "excluded_lines": []}, "ExceptionLoggingMiddleware._log_request": {"executed_lines": [], "summary": {"covered_lines": 0, "num_statements": 8, "percent_covered": 0.0, "percent_covered_display": "0", "missing_lines": 8, "excluded_lines": 0}, "missing_lines": [181, 182, 183, 186, 187, 188, 189, 191], "excluded_lines": []}, "ExceptionLoggingMiddleware._log_response": {"executed_lines": [], "summary": {"covered_lines": 0, "num_statements": 1, "percent_covered": 0.0, "percent_covered_display": "0", "missing_lines": 1, "excluded_lines": 0}, "missing_lines": [206], "excluded_lines": []}, "ExceptionLoggingMiddleware._log_slow_request": {"executed_lines": [], "summary": {"covered_lines": 0, "num_statements": 1, "percent_covered": 0.0, "percent_covered_display": "0", "missing_lines": 1, "excluded_lines": 0}, "missing_lines": [220], "excluded_lines": []}, "RequestContextMiddleware.__init__": {"executed_lines": [], "summary": {"covered_lines": 0, "num_statements": 1, "percent_covered": 0.0, "percent_covered_display": "0", "missing_lines": 1, "excluded_lines": 0}, "missing_lines": [241], "excluded_lines": []}, "RequestContextMiddleware.dispatch": {"executed_lines": [], "summary": {"covered_lines": 0, "num_statements": 6, "percent_covered": 0.0, "percent_covered_display": "0", "missing_lines": 6, "excluded_lines": 0}, "missing_lines": [255, 258, 261, 264, 267, 269], "excluded_lines": []}, "RequestContextMiddleware._extract_user_id": {"executed_lines": [], "summary": {"covered_lines": 0, "num_statements": 9, "percent_covered": 0.0, "percent_covered_display": "0", "missing_lines": 9, "excluded_lines": 1}, "missing_lines": [282, 283, 284, 287, 288, 292, 293, 294, 296], "excluded_lines": [289]}, "RequestContextMiddleware._get_client_ip": {"executed_lines": [], "summary": {"covered_lines": 0, "num_statements": 6, "percent_covered": 0.0, "percent_covered_display": "0", "missing_lines": 6, "excluded_lines": 0}, "missing_lines": [309, 310, 311, 314, 315, 317], "excluded_lines": []}, "setup_exception_middleware": {"executed_lines": [], "summary": {"covered_lines": 0, "num_statements": 4, "percent_covered": 0.0, "percent_covered_display": "0", "missing_lines": 4, "excluded_lines": 0}, "missing_lines": [331, 334, 343, 345], "excluded_lines": []}, "": {"executed_lines": [1, 8, 9, 10, 11, 13, 14, 16, 17, 19, 22, 23, 30, 35, 93, 94, 101, 115, 178, 204, 218, 232, 233, 240, 243, 271, 298, 320], "summary": {"covered_lines": 24, "num_statements": 24, "percent_covered": 100.0, "percent_covered_display": "100", "missing_lines": 0, "excluded_lines": 0}, "missing_lines": [], "excluded_lines": []}}, "classes": {"ExceptionHandlingMiddleware": {"executed_lines": [], "summary": {"covered_lines": 0, "num_statements": 14, "percent_covered": 0.0, "percent_covered_display": "0", "missing_lines": 14, "excluded_lines": 0}, "missing_lines": [31, 32, 33, 46, 48, 49, 52, 53, 55, 57, 65, 78, 79, 90], "excluded_lines": []}, "ExceptionLoggingMiddleware": {"executed_lines": [], "summary": {"covered_lines": 0, "num_statements": 34, "percent_covered": 0.0, "percent_covered_display": "0", "missing_lines": 34, "excluded_lines": 0}, "missing_lines": [109, 110, 111, 112, 113, 127, 130, 131, 134, 135, 137, 139, 142, 145, 146, 149, 150, 153, 154, 156, 158, 160, 163, 176, 181, 182, 183, 186, 187, 188, 189, 191, 206, 220], "excluded_lines": []}, "RequestContextMiddleware": {"executed_lines": [], "summary": {"covered_lines": 0, "num_statements": 22, "percent_covered": 0.0, "percent_covered_display": "0", "missing_lines": 22, "excluded_lines": 1}, "missing_lines": [241, 255, 258, 261, 264, 267, 269, 282, 283, 284, 287, 288, 292, 293, 294, 296, 309, 310, 311, 314, 315, 317], "excluded_lines": [289]}, "": {"executed_lines": [1, 8, 9, 10, 11, 13, 14, 16, 17, 19, 22, 23, 30, 35, 93, 94, 101, 115, 178, 204, 218, 232, 233, 240, 243, 271, 298, 320], "summary": {"covered_lines": 24, "num_statements": 28, "percent_covered": 85.71428571428571, "percent_covered_display": "86", "missing_lines": 4, "excluded_lines": 0}, "missing_lines": [331, 334, 343, 345], "excluded_lines": []}}}, "src/core/exceptions/notifications.py": {"executed_lines": [1, 8, 9, 10, 11, 12, 13, 15, 17, 20, 21, 28, 31, 32, 53, 58, 59, 65, 71, 105, 135, 136, 142, 160, 182, 183, 189, 194, 221, 270, 271, 278, 287, 320, 369, 379], "summary": {"covered_lines": 29, "num_statements": 133, "percent_covered": 21.804511278195488, "percent_covered_display": "22", "missing_lines": 104, "excluded_lines": 19}, "missing_lines": [29, 55, 66, 67, 68, 69, 79, 80, 81, 83, 85, 87, 94, 95, 96, 98, 99, 101, 102, 103, 113, 120, 122, 123, 124, 125, 126, 129, 130, 132, 168, 169, 170, 172, 174, 175, 177, 178, 179, 190, 191, 192, 202, 203, 204, 206, 208, 210, 211, 212, 214, 215, 217, 218, 219, 229, 236, 249, 250, 252, 253, 254, 255, 256, 264, 265, 267, 279, 281, 282, 283, 284, 285, 290, 291, 296, 299, 309, 312, 313, 318, 337, 340, 341, 342, 345, 348, 351, 352, 353, 354, 360, 362, 363, 364, 365, 367, 371, 372, 374, 375, 377, 381, 382], "excluded_lines": [51, 142, 143, 144, 145, 146, 147, 148, 149, 150, 151, 152, 153, 154, 155, 156, 157, 158, 300], "functions": {"BaseNotifier.__init__": {"executed_lines": [], "summary": {"covered_lines": 0, "num_statements": 1, "percent_covered": 0.0, "percent_covered_display": "0", "missing_lines": 1, "excluded_lines": 0}, "missing_lines": [29], "excluded_lines": []}, "BaseNotifier.send_notification": {"executed_lines": [], "summary": {"covered_lines": 0, "num_statements": 0, "percent_covered": 100.0, "percent_covered_display": "100", "missing_lines": 0, "excluded_lines": 1}, "missing_lines": [], "excluded_lines": [51]}, "BaseNotifier.is_enabled": {"executed_lines": [], "summary": {"covered_lines": 0, "num_statements": 1, "percent_covered": 0.0, "percent_covered_display": "0", "missing_lines": 1, "excluded_lines": 0}, "missing_lines": [55], "excluded_lines": []}, "TelegramNotifier.__init__": {"executed_lines": [], "summary": {"covered_lines": 0, "num_statements": 4, "percent_covered": 0.0, "percent_covered_display": "0", "missing_lines": 4, "excluded_lines": 0}, "missing_lines": [66, 67, 68, 69], "excluded_lines": []}, "TelegramNotifier.send_notification": {"executed_lines": [], "summary": {"covered_lines": 0, "num_statements": 14, "percent_covered": 0.0, "percent_covered_display": "0", "missing_lines": 14, "excluded_lines": 0}, "missing_lines": [79, 80, 81, 83, 85, 87, 94, 95, 96, 98, 99, 101, 102, 103], "excluded_lines": []}, "TelegramNotifier._format_telegram_message": {"executed_lines": [], "summary": {"covered_lines": 0, "num_statements": 10, "percent_covered": 0.0, "percent_covered_display": "0", "missing_lines": 10, "excluded_lines": 0}, "missing_lines": [113, 120, 122, 123, 124, 125, 126, 129, 130, 132], "excluded_lines": []}, "EmailNotifier.__init__": {"executed_lines": [], "summary": {"covered_lines": 0, "num_statements": 0, "percent_covered": 100.0, "percent_covered_display": "100", "missing_lines": 0, "excluded_lines": 7}, "missing_lines": [], "excluded_lines": [152, 153, 154, 155, 156, 157, 158]}, "EmailNotifier.send_notification": {"executed_lines": [], "summary": {"covered_lines": 0, "num_statements": 9, "percent_covered": 0.0, "percent_covered_display": "0", "missing_lines": 9, "excluded_lines": 0}, "missing_lines": [168, 169, 170, 172, 174, 175, 177, 178, 179], "excluded_lines": []}, "SlackNotifier.__init__": {"executed_lines": [], "summary": {"covered_lines": 0, "num_statements": 3, "percent_covered": 0.0, "percent_covered_display": "0", "missing_lines": 3, "excluded_lines": 0}, "missing_lines": [190, 191, 192], "excluded_lines": []}, "SlackNotifier.send_notification": {"executed_lines": [], "summary": {"covered_lines": 0, "num_statements": 13, "percent_covered": 0.0, "percent_covered_display": "0", "missing_lines": 13, "excluded_lines": 0}, "missing_lines": [202, 203, 204, 206, 208, 210, 211, 212, 214, 215, 217, 218, 219], "excluded_lines": []}, "SlackNotifier._format_slack_payload": {"executed_lines": [], "summary": {"covered_lines": 0, "num_statements": 12, "percent_covered": 0.0, "percent_covered_display": "0", "missing_lines": 12, "excluded_lines": 0}, "missing_lines": [229, 236, 249, 250, 252, 253, 254, 255, 256, 264, 265, 267], "excluded_lines": []}, "NotificationManager.__init__": {"executed_lines": [], "summary": {"covered_lines": 0, "num_statements": 6, "percent_covered": 0.0, "percent_covered_display": "0", "missing_lines": 6, "excluded_lines": 0}, "missing_lines": [279, 281, 282, 283, 284, 285], "excluded_lines": []}, "NotificationManager._setup_notifiers": {"executed_lines": [], "summary": {"covered_lines": 0, "num_statements": 8, "percent_covered": 0.0, "percent_covered_display": "0", "missing_lines": 8, "excluded_lines": 1}, "missing_lines": [290, 291, 296, 299, 309, 312, 313, 318], "excluded_lines": [300]}, "NotificationManager.notify_critical_error": {"executed_lines": [], "summary": {"covered_lines": 0, "num_statements": 16, "percent_covered": 0.0, "percent_covered_display": "0", "missing_lines": 16, "excluded_lines": 0}, "missing_lines": [337, 340, 341, 342, 345, 348, 351, 352, 353, 354, 360, 362, 363, 364, 365, 367], "excluded_lines": []}, "NotificationManager._is_rate_limited": {"executed_lines": [], "summary": {"covered_lines": 0, "num_statements": 5, "percent_covered": 0.0, "percent_covered_display": "0", "missing_lines": 5, "excluded_lines": 0}, "missing_lines": [371, 372, 374, 375, 377], "excluded_lines": []}, "NotificationManager.clear_rate_limit_cache": {"executed_lines": [], "summary": {"covered_lines": 0, "num_statements": 2, "percent_covered": 0.0, "percent_covered_display": "0", "missing_lines": 2, "excluded_lines": 0}, "missing_lines": [381, 382], "excluded_lines": []}, "": {"executed_lines": [1, 8, 9, 10, 11, 12, 13, 15, 17, 20, 21, 28, 31, 32, 53, 58, 59, 65, 71, 105, 135, 136, 142, 160, 182, 183, 189, 194, 221, 270, 271, 278, 287, 320, 369, 379], "summary": {"covered_lines": 29, "num_statements": 29, "percent_covered": 100.0, "percent_covered_display": "100", "missing_lines": 0, "excluded_lines": 10}, "missing_lines": [], "excluded_lines": [142, 143, 144, 145, 146, 147, 148, 149, 150, 151]}}, "classes": {"BaseNotifier": {"executed_lines": [], "summary": {"covered_lines": 0, "num_statements": 2, "percent_covered": 0.0, "percent_covered_display": "0", "missing_lines": 2, "excluded_lines": 1}, "missing_lines": [29, 55], "excluded_lines": [51]}, "TelegramNotifier": {"executed_lines": [], "summary": {"covered_lines": 0, "num_statements": 28, "percent_covered": 0.0, "percent_covered_display": "0", "missing_lines": 28, "excluded_lines": 0}, "missing_lines": [66, 67, 68, 69, 79, 80, 81, 83, 85, 87, 94, 95, 96, 98, 99, 101, 102, 103, 113, 120, 122, 123, 124, 125, 126, 129, 130, 132], "excluded_lines": []}, "EmailNotifier": {"executed_lines": [], "summary": {"covered_lines": 0, "num_statements": 9, "percent_covered": 0.0, "percent_covered_display": "0", "missing_lines": 9, "excluded_lines": 7}, "missing_lines": [168, 169, 170, 172, 174, 175, 177, 178, 179], "excluded_lines": [152, 153, 154, 155, 156, 157, 158]}, "SlackNotifier": {"executed_lines": [], "summary": {"covered_lines": 0, "num_statements": 28, "percent_covered": 0.0, "percent_covered_display": "0", "missing_lines": 28, "excluded_lines": 0}, "missing_lines": [190, 191, 192, 202, 203, 204, 206, 208, 210, 211, 212, 214, 215, 217, 218, 219, 229, 236, 249, 250, 252, 253, 254, 255, 256, 264, 265, 267], "excluded_lines": []}, "NotificationManager": {"executed_lines": [], "summary": {"covered_lines": 0, "num_statements": 37, "percent_covered": 0.0, "percent_covered_display": "0", "missing_lines": 37, "excluded_lines": 1}, "missing_lines": [279, 281, 282, 283, 284, 285, 290, 291, 296, 299, 309, 312, 313, 318, 337, 340, 341, 342, 345, 348, 351, 352, 353, 354, 360, 362, 363, 364, 365, 367, 371, 372, 374, 375, 377, 381, 382], "excluded_lines": [300]}, "": {"executed_lines": [1, 8, 9, 10, 11, 12, 13, 15, 17, 20, 21, 28, 31, 32, 53, 58, 59, 65, 71, 105, 135, 136, 142, 160, 182, 183, 189, 194, 221, 270, 271, 278, 287, 320, 369, 379], "summary": {"covered_lines": 29, "num_statements": 29, "percent_covered": 100.0, "percent_covered_display": "100", "missing_lines": 0, "excluded_lines": 10}, "missing_lines": [], "excluded_lines": [142, 143, 144, 145, 146, 147, 148, 149, 150, 151]}}}, "src/core/interfaces.py": {"executed_lines": [1, 8, 9, 11, 14, 15, 16, 18, 19, 20, 21, 22, 23, 25, 26, 30, 35, 36, 37, 39, 43, 47], "summary": {"covered_lines": 19, "num_statements": 24, "percent_covered": 79.16666666666667, "percent_covered_display": "79", "missing_lines": 5, "excluded_lines": 0}, "missing_lines": [28, 32, 41, 45, 49], "excluded_lines": [], "functions": {"UserProtocol.can_login": {"executed_lines": [], "summary": {"covered_lines": 0, "num_statements": 1, "percent_covered": 0.0, "percent_covered_display": "0", "missing_lines": 1, "excluded_lines": 0}, "missing_lines": [28], "excluded_lines": []}, "UserProtocol.has_role": {"executed_lines": [], "summary": {"covered_lines": 0, "num_statements": 1, "percent_covered": 0.0, "percent_covered_display": "0", "missing_lines": 1, "excluded_lines": 0}, "missing_lines": [32], "excluded_lines": []}, "UserServiceProtocol.get_user_by_id": {"executed_lines": [], "summary": {"covered_lines": 0, "num_statements": 1, "percent_covered": 0.0, "percent_covered_display": "0", "missing_lines": 1, "excluded_lines": 0}, "missing_lines": [41], "excluded_lines": []}, "UserServiceProtocol.get_user_by_email": {"executed_lines": [], "summary": {"covered_lines": 0, "num_statements": 1, "percent_covered": 0.0, "percent_covered_display": "0", "missing_lines": 1, "excluded_lines": 0}, "missing_lines": [45], "excluded_lines": []}, "UserServiceProtocol.get_user_by_username": {"executed_lines": [], "summary": {"covered_lines": 0, "num_statements": 1, "percent_covered": 0.0, "percent_covered_display": "0", "missing_lines": 1, "excluded_lines": 0}, "missing_lines": [49], "excluded_lines": []}, "": {"executed_lines": [1, 8, 9, 11, 14, 15, 16, 18, 19, 20, 21, 22, 23, 25, 26, 30, 35, 36, 37, 39, 43, 47], "summary": {"covered_lines": 19, "num_statements": 19, "percent_covered": 100.0, "percent_covered_display": "100", "missing_lines": 0, "excluded_lines": 0}, "missing_lines": [], "excluded_lines": []}}, "classes": {"UserProtocol": {"executed_lines": [], "summary": {"covered_lines": 0, "num_statements": 2, "percent_covered": 0.0, "percent_covered_display": "0", "missing_lines": 2, "excluded_lines": 0}, "missing_lines": [28, 32], "excluded_lines": []}, "UserServiceProtocol": {"executed_lines": [], "summary": {"covered_lines": 0, "num_statements": 3, "percent_covered": 0.0, "percent_covered_display": "0", "missing_lines": 3, "excluded_lines": 0}, "missing_lines": [41, 45, 49], "excluded_lines": []}, "": {"executed_lines": [1, 8, 9, 11, 14, 15, 16, 18, 19, 20, 21, 22, 23, 25, 26, 30, 35, 36, 37, 39, 43, 47], "summary": {"covered_lines": 19, "num_statements": 19, "percent_covered": 100.0, "percent_covered_display": "100", "missing_lines": 0, "excluded_lines": 0}, "missing_lines": [], "excluded_lines": []}}}}, "totals": {"covered_lines": 2617, "num_statements": 8681, "percent_covered": 30.146296509618708, "percent_covered_display": "30", "missing_lines": 6064, "excluded_lines": 578}}